  bash arg: -v
  bash arg: -v
  bash arg: --throttle
  bash arg: 150
  bash arg: --pct-touch
  bash arg: 70
  bash arg: --pct-motion
  bash arg: 10
  bash arg: --pct-trackball
  bash arg: 10
  bash arg: --pct-nav
  bash arg: 10
  bash arg: --pct-appswitch
  bash arg: 0
  bash arg: --pct-majornav
  bash arg: 0
  bash arg: -p
  bash arg: com.tencent.mm
  bash arg: 500
:Monkey: seed=1556435469819 count=500
:AllowPackage: com.tencent.mm
:IncludeCategory: android.intent.category.LAUNCHER
:IncludeCategory: android.intent.category.MONKEY
// Selecting main activities from category android.intent.category.LAUNCHER
//   + Using main activity com.tencent.mm.ui.LauncherUI (from package com.tencent.mm)
// Selecting main activities from category android.intent.category.MONKEY
// Seeded: 1556435469819
// Event percentages:
//   0: 70.0%
//   1: 10.0%
//   2: 0.0%
//   3: 10.0%
//   4: -0.0%
//   5: -0.0%
//   6: 10.0%
//   7: -0.0%
//   8: 0.0%
//   9: -0.0%
//   10: 0.0%
//   11: 0.0%
:Switch: #Intent;action=android.intent.action.MAIN;category=android.intent.category.LAUNCHER;launchFlags=0x10200000;component=com.tencent.mm/.ui.LauncherUI;end
    // Allowing start of Intent { act=android.intent.action.MAIN cat=[android.intent.category.LAUNCHER] cmp=com.tencent.mm/.ui.LauncherUI } in package com.tencent.mm
Sleeping for 150 milliseconds
:Sending Touch (ACTION_DOWN): 0:(1009.0,478.0)
:Sending Touch (ACTION_UP): 0:(1015.665,486.7998)
Sleeping for 150 milliseconds
:Sending Touch (ACTION_DOWN): 0:(700.0,1538.0)
:Sending Touch (ACTION_UP): 0:(698.72,1537.7395)
Sleeping for 150 milliseconds
:Sending Touch (ACTION_DOWN): 0:(994.0,74.0)
:Sending Touch (ACTION_UP): 0:(992.5129,71.51207)
Sleeping for 150 milliseconds
:Sending Trackball (ACTION_MOVE): 0:(-1.0,-5.0)
:Sending Trackball (ACTION_MOVE): 0:(-3.0,-3.0)
:Sending Trackball (ACTION_MOVE): 0:(-2.0,4.0)
:Sending Trackball (ACTION_MOVE): 0:(-4.0,-2.0)
:Sending Trackball (ACTION_MOVE): 0:(-3.0,1.0)
:Sending Trackball (ACTION_MOVE): 0:(2.0,2.0)
:Sending Trackball (ACTION_MOVE): 0:(-1.0,-3.0)
:Sending Trackball (ACTION_MOVE): 0:(2.0,3.0)
:Sending Trackball (ACTION_MOVE): 0:(2.0,4.0)
:Sending Trackball (ACTION_MOVE): 0:(-4.0,4.0)
:Sending Touch (ACTION_DOWN): 0:(776.0,341.0)
:Sending Touch (ACTION_UP): 0:(770.18085,328.54092)
Sleeping for 150 milliseconds
    // Allowing start of Intent { cmp=com.tencent.mm/.ui.contact.SelectContactUI } in package com.tencent.mm
:Sending Key (ACTION_DOWN): 21    // KEYCODE_DPAD_LEFT
:Sending Key (ACTION_UP): 21    // KEYCODE_DPAD_LEFT
Sleeping for 150 milliseconds
:Sending Key (ACTION_DOWN): 19    // KEYCODE_DPAD_UP
:Sending Key (ACTION_UP): 19    // KEYCODE_DPAD_UP
Sleeping for 150 milliseconds
:Sending Touch (ACTION_DOWN): 0:(82.0,1625.0)
:Sending Touch (ACTION_UP): 0:(82.29051,1625.2806)
Sleeping for 150 milliseconds
:Sending Touch (ACTION_DOWN): 0:(712.0,1043.0)
:Sending Touch (ACTION_UP): 0:(707.60645,1047.5298)
Sleeping for 150 milliseconds
:Sending Touch (ACTION_DOWN): 0:(871.0,1595.0)
:Sending Touch (ACTION_UP): 0:(874.82043,1589.0623)
Sleeping for 150 milliseconds
:Sending Touch (ACTION_DOWN): 0:(513.0,684.0)
:Sending Touch (ACTION_UP): 0:(516.0156,683.51227)
Sleeping for 150 milliseconds
    // Allowing start of Intent { cmp=com.tencent.mm/.plugin.pwdgroup.ui.FacingCreateChatRoomAllInOneUI } in package com.tencent.mm
:Sending Touch (ACTION_DOWN): 0:(358.0,83.0)
:Sending Touch (ACTION_UP): 0:(367.39795,75.56918)
Sleeping for 150 milliseconds
:Sending Touch (ACTION_DOWN): 0:(913.0,1421.0)
:Sending Touch (ACTION_UP): 0:(923.13947,1406.9341)
Sleeping for 150 milliseconds
:Sending Touch (ACTION_DOWN): 0:(667.0,791.0)
:Sending Touch (ACTION_UP): 0:(680.7901,782.51306)
Sleeping for 150 milliseconds
:Sending Touch (ACTION_DOWN): 0:(488.0,121.0)
:Sending Touch (ACTION_UP): 0:(481.2559,138.14832)
Sleeping for 150 milliseconds
:Sending Touch (ACTION_DOWN): 0:(898.0,1166.0)
:Sending Touch (ACTION_UP): 0:(898.2239,1162.6434)
Sleeping for 150 milliseconds
:Sending Key (ACTION_DOWN): 19    // KEYCODE_DPAD_UP
:Sending Key (ACTION_UP): 19    // KEYCODE_DPAD_UP
Sleeping for 150 milliseconds
:Sending Touch (ACTION_DOWN): 0:(1062.0,1295.0)
:Sending Touch (ACTION_UP): 0:(1062.9403,1291.2593)
Sleeping for 150 milliseconds
:Sending Touch (ACTION_DOWN): 0:(326.0,1629.0)
:Sending Touch (ACTION_UP): 0:(326.37302,1630.5809)
Sleeping for 150 milliseconds
:Sending Key (ACTION_DOWN): 21    // KEYCODE_DPAD_LEFT
:Sending Key (ACTION_UP): 21    // KEYCODE_DPAD_LEFT
Sleeping for 150 milliseconds
:Sending Trackball (ACTION_MOVE): 0:(-4.0,1.0)
:Sending Trackball (ACTION_MOVE): 0:(0.0,3.0)
:Sending Trackball (ACTION_MOVE): 0:(1.0,4.0)
:Sending Trackball (ACTION_MOVE): 0:(-3.0,-4.0)
:Sending Trackball (ACTION_MOVE): 0:(-3.0,4.0)
:Sending Trackball (ACTION_MOVE): 0:(-5.0,-1.0)
:Sending Trackball (ACTION_MOVE): 0:(0.0,2.0)
:Sending Trackball (ACTION_MOVE): 0:(4.0,3.0)
:Sending Trackball (ACTION_MOVE): 0:(3.0,-2.0)
:Sending Trackball (ACTION_MOVE): 0:(4.0,-2.0)
:Sending Key (ACTION_DOWN): 22    // KEYCODE_DPAD_RIGHT
:Sending Key (ACTION_UP): 22    // KEYCODE_DPAD_RIGHT
Sleeping for 150 milliseconds
:Sending Touch (ACTION_DOWN): 0:(212.0,806.0)
:Sending Touch (ACTION_UP): 0:(202.40923,815.3163)
Sleeping for 150 milliseconds
:Sending Touch (ACTION_DOWN): 0:(151.0,1465.0)
:Sending Touch (ACTION_UP): 0:(150.92029,1455.4104)
Sleeping for 150 milliseconds
:Sending Touch (ACTION_DOWN): 0:(411.0,513.0)
:Sending Touch (ACTION_UP): 0:(406.16797,527.7862)
Sleeping for 150 milliseconds
:Sending Touch (ACTION_DOWN): 0:(768.0,401.0)
:Sending Touch (ACTION_UP): 0:(772.1594,400.91995)
Sleeping for 150 milliseconds
:Sending Touch (ACTION_DOWN): 0:(570.0,1397.0)
:Sending Touch (ACTION_UP): 0:(592.1252,1373.8378)
Sleeping for 150 milliseconds
:Sending Touch (ACTION_DOWN): 0:(887.0,171.0)
:Sending Touch (ACTION_UP): 0:(881.29535,159.1784)
Sleeping for 150 milliseconds
:Sending Touch (ACTION_DOWN): 0:(521.0,1218.0)
:Sending Touch (ACTION_UP): 0:(522.56464,1217.2494)
Sleeping for 150 milliseconds
:Sending Trackball (ACTION_MOVE): 0:(-1.0,-2.0)
:Sending Trackball (ACTION_MOVE): 0:(-5.0,4.0)
:Sending Trackball (ACTION_MOVE): 0:(4.0,4.0)
:Sending Trackball (ACTION_MOVE): 0:(1.0,-2.0)
:Sending Trackball (ACTION_MOVE): 0:(4.0,2.0)
:Sending Trackball (ACTION_MOVE): 0:(-4.0,-2.0)
:Sending Trackball (ACTION_MOVE): 0:(-4.0,-5.0)
:Sending Trackball (ACTION_MOVE): 0:(4.0,1.0)
:Sending Trackball (ACTION_MOVE): 0:(-5.0,-4.0)
:Sending Trackball (ACTION_MOVE): 0:(3.0,-5.0)
:Sending Touch (ACTION_DOWN): 0:(1051.0,1190.0)
:Sending Touch (ACTION_UP): 0:(1027.8113,1191.2955)
Sleeping for 150 milliseconds
:Sending Touch (ACTION_DOWN): 0:(856.0,390.0)
:Sending Touch (ACTION_UP): 0:(854.4016,390.54822)
Sleeping for 150 milliseconds
:Sending Touch (ACTION_DOWN): 0:(190.0,907.0)
:Sending Touch (ACTION_UP): 0:(178.9387,890.16223)
Sleeping for 150 milliseconds
:Sending Touch (ACTION_DOWN): 0:(1046.0,1659.0)
:Sending Touch (ACTION_MOVE): 0:(1044.61,1637.1509)
:Sending Touch (ACTION_MOVE): 0:(1044.5548,1636.7288)
:Sending Touch (ACTION_MOVE): 0:(1043.7085,1613.4872)
:Sending Touch (ACTION_MOVE): 0:(1040.7136,1599.8883)
:Sending Touch (ACTION_MOVE): 0:(1038.8779,1598.6284)
:Sending Touch (ACTION_MOVE): 0:(1035.9435,1585.6326)
:Sending Touch (ACTION_MOVE): 0:(1034.5717,1566.7012)
:Sending Touch (ACTION_MOVE): 0:(1033.302,1556.3146)
    //[calendar_time:2019-04-26 16:44:56.504  system_uptime:600669531]
    // Sending event #100
:Sending Touch (ACTION_UP): 0:(1032.7385,1556.0979)
Sleeping for 150 milliseconds
:Sending Touch (ACTION_DOWN): 0:(666.0,279.0)
:Sending Touch (ACTION_MOVE): 0:(675.37427,292.95367)
:Sending Touch (ACTION_MOVE): 0:(687.0586,313.15924)
:Sending Touch (ACTION_MOVE): 0:(696.1423,325.90115)
:Sending Touch (ACTION_MOVE): 0:(707.1244,325.98077)
:Sending Touch (ACTION_MOVE): 0:(717.36804,339.13782)
:Sending Touch (ACTION_MOVE): 0:(723.8655,354.40714)
:Sending Touch (ACTION_MOVE): 0:(736.3499,374.68286)
:Sending Touch (ACTION_UP): 0:(737.5172,385.6387)
Sleeping for 150 milliseconds
:Sending Touch (ACTION_DOWN): 0:(505.0,871.0)
:Sending Touch (ACTION_UP): 0:(509.93906,870.9737)
Sleeping for 150 milliseconds
:Sending Key (ACTION_DOWN): 21    // KEYCODE_DPAD_LEFT
:Sending Key (ACTION_UP): 21    // KEYCODE_DPAD_LEFT
Sleeping for 150 milliseconds
:Sending Touch (ACTION_DOWN): 0:(978.0,302.0)
:Sending Touch (ACTION_MOVE): 0:(979.5109,307.05548)
:Sending Touch (ACTION_MOVE): 0:(1002.22424,312.42816)
:Sending Touch (ACTION_MOVE): 0:(1002.49097,313.32068)
:Sending Touch (ACTION_MOVE): 0:(1013.6642,318.9126)
:Sending Touch (ACTION_MOVE): 0:(1015.88617,321.05536)
:Sending Touch (ACTION_MOVE): 0:(1034.7211,321.68292)
:Sending Touch (ACTION_MOVE): 0:(1048.4583,325.49933)
:Sending Touch (ACTION_UP): 0:(1053.1255,328.90515)
Sleeping for 150 milliseconds
:Sending Key (ACTION_DOWN): 21    // KEYCODE_DPAD_LEFT
:Sending Key (ACTION_UP): 21    // KEYCODE_DPAD_LEFT
Sleeping for 150 milliseconds
:Sending Touch (ACTION_DOWN): 0:(178.0,1292.0)
:Sending Touch (ACTION_UP): 0:(188.91548,1296.501)
Sleeping for 150 milliseconds
:Sending Touch (ACTION_DOWN): 0:(813.0,96.0)
:Sending Touch (ACTION_UP): 0:(819.27094,87.64019)
Sleeping for 150 milliseconds
:Sending Key (ACTION_DOWN): 19    // KEYCODE_DPAD_UP
:Sending Key (ACTION_UP): 19    // KEYCODE_DPAD_UP
Sleeping for 150 milliseconds
:Sending Touch (ACTION_DOWN): 0:(428.0,663.0)
:Sending Touch (ACTION_UP): 0:(428.6947,671.4854)
Sleeping for 150 milliseconds
:Sending Touch (ACTION_DOWN): 0:(798.0,1448.0)
:Sending Touch (ACTION_UP): 0:(798.7961,1434.4622)
Sleeping for 150 milliseconds
:Sending Touch (ACTION_DOWN): 0:(987.0,581.0)
:Sending Touch (ACTION_UP): 0:(993.7184,579.48334)
Sleeping for 150 milliseconds
:Sending Touch (ACTION_DOWN): 0:(757.0,878.0)
:Sending Touch (ACTION_UP): 0:(758.30756,879.33704)
Sleeping for 150 milliseconds
:Sending Key (ACTION_DOWN): 22    // KEYCODE_DPAD_RIGHT
:Sending Key (ACTION_UP): 22    // KEYCODE_DPAD_RIGHT
Sleeping for 150 milliseconds
:Sending Touch (ACTION_DOWN): 0:(140.0,593.0)
:Sending Touch (ACTION_UP): 0:(150.66232,584.1512)
Sleeping for 150 milliseconds
:Sending Touch (ACTION_DOWN): 0:(528.0,154.0)
:Sending Touch (ACTION_UP): 0:(523.7969,153.5122)
Sleeping for 150 milliseconds
:Sending Touch (ACTION_DOWN): 0:(854.0,748.0)
:Sending Touch (ACTION_UP): 0:(854.4423,753.21075)
Sleeping for 150 milliseconds
:Sending Touch (ACTION_DOWN): 0:(525.0,1036.0)
:Sending Touch (ACTION_UP): 0:(524.80914,1032.1105)
Sleeping for 150 milliseconds
:Sending Trackball (ACTION_MOVE): 0:(-3.0,-4.0)
:Sending Trackball (ACTION_MOVE): 0:(-5.0,-3.0)
:Sending Trackball (ACTION_MOVE): 0:(-1.0,2.0)
:Sending Trackball (ACTION_MOVE): 0:(-5.0,-4.0)
:Sending Trackball (ACTION_MOVE): 0:(-4.0,3.0)
:Sending Trackball (ACTION_MOVE): 0:(-2.0,3.0)
:Sending Trackball (ACTION_MOVE): 0:(-2.0,-1.0)
:Sending Trackball (ACTION_MOVE): 0:(3.0,-3.0)
:Sending Trackball (ACTION_MOVE): 0:(0.0,-5.0)
:Sending Trackball (ACTION_MOVE): 0:(-2.0,-3.0)
:Sending Trackball (ACTION_MOVE): 0:(-4.0,2.0)
:Sending Trackball (ACTION_MOVE): 0:(0.0,1.0)
:Sending Trackball (ACTION_MOVE): 0:(2.0,0.0)
:Sending Trackball (ACTION_MOVE): 0:(-4.0,1.0)
:Sending Trackball (ACTION_MOVE): 0:(-2.0,-5.0)
:Sending Trackball (ACTION_MOVE): 0:(3.0,4.0)
:Sending Trackball (ACTION_MOVE): 0:(3.0,-4.0)
:Sending Trackball (ACTION_MOVE): 0:(-5.0,-5.0)
:Sending Trackball (ACTION_MOVE): 0:(-2.0,-3.0)
:Sending Trackball (ACTION_MOVE): 0:(1.0,0.0)
:Sending Touch (ACTION_DOWN): 0:(97.0,494.0)
:Sending Touch (ACTION_UP): 0:(98.72962,478.0558)
Sleeping for 150 milliseconds
:Sending Touch (ACTION_DOWN): 0:(907.0,1390.0)
:Sending Touch (ACTION_UP): 0:(912.20264,1389.5721)
Sleeping for 150 milliseconds
:Sending Trackball (ACTION_MOVE): 0:(1.0,-3.0)
:Sending Trackball (ACTION_MOVE): 0:(-2.0,-3.0)
:Sending Trackball (ACTION_MOVE): 0:(-2.0,4.0)
:Sending Trackball (ACTION_MOVE): 0:(-5.0,0.0)
:Sending Trackball (ACTION_MOVE): 0:(2.0,0.0)
:Sending Trackball (ACTION_MOVE): 0:(2.0,-4.0)
:Sending Trackball (ACTION_MOVE): 0:(1.0,2.0)
:Sending Trackball (ACTION_MOVE): 0:(2.0,2.0)
:Sending Trackball (ACTION_MOVE): 0:(-4.0,1.0)
:Sending Trackball (ACTION_MOVE): 0:(1.0,-2.0)
:Sending Touch (ACTION_DOWN): 0:(508.0,721.0)
:Sending Touch (ACTION_UP): 0:(500.16675,736.0259)
Sleeping for 150 milliseconds
:Sending Touch (ACTION_DOWN): 0:(740.0,594.0)
:Sending Touch (ACTION_UP): 0:(737.3163,590.6734)
Sleeping for 150 milliseconds
:Sending Touch (ACTION_DOWN): 0:(980.0,1714.0)
:Sending Touch (ACTION_UP): 0:(974.65656,1712.1736)
Sleeping for 150 milliseconds
:Sending Touch (ACTION_DOWN): 0:(473.0,511.0)
:Sending Touch (ACTION_UP): 0:(471.09375,519.70294)
Sleeping for 150 milliseconds
:Sending Key (ACTION_DOWN): 22    // KEYCODE_DPAD_RIGHT
:Sending Key (ACTION_UP): 22    // KEYCODE_DPAD_RIGHT
Sleeping for 150 milliseconds
:Sending Touch (ACTION_DOWN): 0:(589.0,413.0)
:Sending Touch (ACTION_MOVE): 0:(605.5991,405.40308)
:Sending Touch (ACTION_MOVE): 0:(605.98505,399.9834)
:Sending Touch (ACTION_MOVE): 0:(617.9834,396.88892)
:Sending Touch (ACTION_MOVE): 0:(619.163,395.20676)
:Sending Touch (ACTION_MOVE): 0:(628.6916,391.49283)
:Sending Touch (ACTION_MOVE): 0:(640.1058,391.0003)
    //[calendar_time:2019-04-26 16:45:00.933  system_uptime:600673959]
    // Sending event #200
:Sending Touch (ACTION_MOVE): 0:(641.2679,388.03928)
:Sending Touch (ACTION_MOVE): 0:(652.4028,380.76282)
:Sending Touch (ACTION_UP): 0:(668.6373,380.23294)
Sleeping for 150 milliseconds
:Sending Touch (ACTION_DOWN): 0:(329.0,633.0)
:Sending Touch (ACTION_UP): 0:(337.615,632.79596)
Sleeping for 150 milliseconds
:Sending Touch (ACTION_DOWN): 0:(741.0,663.0)
:Sending Touch (ACTION_UP): 0:(741.1096,675.68585)
Sleeping for 150 milliseconds
:Sending Touch (ACTION_DOWN): 0:(41.0,984.0)
:Sending Touch (ACTION_UP): 0:(58.308216,994.01624)
Sleeping for 150 milliseconds
:Sending Touch (ACTION_DOWN): 0:(893.0,1328.0)
:Sending Touch (ACTION_UP): 0:(889.26495,1330.7167)
Sleeping for 150 milliseconds
    // activityResuming(com.tencent.mm)
:Sending Touch (ACTION_DOWN): 0:(711.0,20.0)
:Sending Touch (ACTION_UP): 0:(714.2844,13.739992)
Sleeping for 150 milliseconds
    // Allowing start of Intent { cmp=com.tencent.mm/.ui.chatting.ChattingUI } in package com.tencent.mm
:Sending Touch (ACTION_DOWN): 0:(800.0,1138.0)
:Sending Touch (ACTION_UP): 0:(812.1312,1144.5094)
Sleeping for 150 milliseconds
:Sending Touch (ACTION_DOWN): 0:(816.0,1566.0)
:Sending Touch (ACTION_UP): 0:(815.6059,1553.2021)
Sleeping for 150 milliseconds
:Sending Key (ACTION_DOWN): 21    // KEYCODE_DPAD_LEFT
:Sending Key (ACTION_UP): 21    // KEYCODE_DPAD_LEFT
Sleeping for 150 milliseconds
:Sending Touch (ACTION_DOWN): 0:(352.0,140.0)
:Sending Touch (ACTION_UP): 0:(337.05344,134.44057)
Sleeping for 150 milliseconds
:Sending Touch (ACTION_DOWN): 0:(326.0,922.0)
:Sending Touch (ACTION_UP): 0:(329.05258,918.88293)
Sleeping for 150 milliseconds
:Sending Key (ACTION_DOWN): 19    // KEYCODE_DPAD_UP
:Sending Key (ACTION_UP): 19    // KEYCODE_DPAD_UP
Sleeping for 150 milliseconds
:Sending Touch (ACTION_DOWN): 0:(387.0,66.0)
:Sending Touch (ACTION_UP): 0:(386.24872,58.7617)
Sleeping for 150 milliseconds
:Sending Touch (ACTION_DOWN): 0:(898.0,1245.0)
:Sending Touch (ACTION_UP): 0:(889.7364,1244.9678)
Sleeping for 150 milliseconds
:Sending Key (ACTION_DOWN): 19    // KEYCODE_DPAD_UP
:Sending Key (ACTION_UP): 19    // KEYCODE_DPAD_UP
Sleeping for 150 milliseconds
:Sending Touch (ACTION_DOWN): 0:(565.0,506.0)
:Sending Touch (ACTION_UP): 0:(558.0662,516.40497)
Sleeping for 150 milliseconds
:Sending Touch (ACTION_DOWN): 0:(427.0,1205.0)
:Sending Touch (ACTION_UP): 0:(430.29276,1206.5746)
Sleeping for 150 milliseconds
:Sending Touch (ACTION_DOWN): 0:(282.0,1551.0)
:Sending Touch (ACTION_UP): 0:(279.6913,1549.9464)
Sleeping for 150 milliseconds
:Sending Touch (ACTION_DOWN): 0:(341.0,126.0)
:Sending Touch (ACTION_UP): 0:(341.68204,132.21434)
Sleeping for 150 milliseconds
:Sending Touch (ACTION_DOWN): 0:(934.0,1378.0)
:Sending Touch (ACTION_UP): 0:(925.43896,1377.0554)
Sleeping for 150 milliseconds
:Sending Touch (ACTION_DOWN): 0:(506.0,1215.0)
:Sending Touch (ACTION_UP): 0:(516.0227,1230.2635)
Sleeping for 150 milliseconds
:Sending Key (ACTION_DOWN): 19    // KEYCODE_DPAD_UP
:Sending Key (ACTION_UP): 19    // KEYCODE_DPAD_UP
Sleeping for 150 milliseconds
:Sending Touch (ACTION_DOWN): 0:(229.0,95.0)
:Sending Touch (ACTION_UP): 0:(228.94116,100.65954)
Sleeping for 150 milliseconds
:Sending Touch (ACTION_DOWN): 0:(718.0,268.0)
:Sending Touch (ACTION_UP): 0:(700.9489,265.9094)
Sleeping for 150 milliseconds
:Sending Touch (ACTION_DOWN): 0:(541.0,598.0)
:Sending Touch (ACTION_UP): 0:(548.68634,597.6451)
Sleeping for 150 milliseconds
:Sending Trackball (ACTION_MOVE): 0:(1.0,-1.0)
:Sending Trackball (ACTION_MOVE): 0:(2.0,0.0)
:Sending Trackball (ACTION_MOVE): 0:(-5.0,4.0)
:Sending Trackball (ACTION_MOVE): 0:(-1.0,4.0)
:Sending Trackball (ACTION_MOVE): 0:(0.0,-4.0)
:Sending Trackball (ACTION_MOVE): 0:(-3.0,4.0)
:Sending Trackball (ACTION_MOVE): 0:(0.0,3.0)
:Sending Trackball (ACTION_MOVE): 0:(2.0,1.0)
:Sending Trackball (ACTION_MOVE): 0:(1.0,1.0)
:Sending Trackball (ACTION_MOVE): 0:(-1.0,3.0)
:Sending Touch (ACTION_DOWN): 0:(1020.0,1105.0)
:Sending Touch (ACTION_UP): 0:(1016.00775,1084.4175)
Sleeping for 150 milliseconds
:Sending Touch (ACTION_DOWN): 0:(327.0,246.0)
:Sending Touch (ACTION_UP): 0:(335.4,227.22987)
Sleeping for 150 milliseconds
:Sending Trackball (ACTION_MOVE): 0:(4.0,3.0)
:Sending Trackball (ACTION_MOVE): 0:(-4.0,-1.0)
:Sending Trackball (ACTION_MOVE): 0:(4.0,-1.0)
:Sending Trackball (ACTION_MOVE): 0:(-5.0,-5.0)
:Sending Trackball (ACTION_MOVE): 0:(-2.0,-5.0)
:Sending Trackball (ACTION_MOVE): 0:(2.0,0.0)
:Sending Trackball (ACTION_MOVE): 0:(-1.0,-1.0)
:Sending Trackball (ACTION_MOVE): 0:(-4.0,1.0)
:Sending Trackball (ACTION_MOVE): 0:(0.0,0.0)
:Sending Trackball (ACTION_MOVE): 0:(-4.0,-3.0)
:Sending Touch (ACTION_DOWN): 0:(586.0,1439.0)
:Sending Touch (ACTION_UP): 0:(564.951,1436.7579)
Sleeping for 150 milliseconds
:Sending Touch (ACTION_DOWN): 0:(728.0,417.0)
:Sending Touch (ACTION_UP): 0:(721.0367,408.0338)
Sleeping for 150 milliseconds
:Sending Touch (ACTION_DOWN): 0:(456.0,1216.0)
:Sending Touch (ACTION_MOVE): 0:(450.49557,1230.645)
:Sending Touch (ACTION_MOVE): 0:(446.73914,1251.4291)
:Sending Touch (ACTION_MOVE): 0:(439.77948,1271.6897)
:Sending Touch (ACTION_MOVE): 0:(436.76593,1273.6809)
:Sending Touch (ACTION_MOVE): 0:(433.542,1287.7485)
:Sending Touch (ACTION_MOVE): 0:(426.26447,1307.0588)
:Sending Touch (ACTION_MOVE): 0:(419.66995,1313.473)
:Sending Touch (ACTION_MOVE): 0:(418.9098,1327.6136)
:Sending Touch (ACTION_MOVE): 0:(411.5214,1351.4105)
:Sending Touch (ACTION_UP): 0:(405.95486,1355.7073)
Sleeping for 150 milliseconds
:Sending Touch (ACTION_DOWN): 0:(273.0,683.0)
:Sending Touch (ACTION_UP): 0:(266.489,666.7806)
Sleeping for 150 milliseconds
:Sending Key (ACTION_DOWN): 22    // KEYCODE_DPAD_RIGHT
:Sending Key (ACTION_UP): 22    // KEYCODE_DPAD_RIGHT
Sleeping for 150 milliseconds
:Sending Touch (ACTION_DOWN): 0:(131.0,396.0)
:Sending Touch (ACTION_UP): 0:(127.72322,382.22113)
Sleeping for 150 milliseconds
:Sending Touch (ACTION_DOWN): 0:(651.0,658.0)
:Sending Touch (ACTION_UP): 0:(649.2944,658.34283)
Sleeping for 150 milliseconds
:Sending Touch (ACTION_DOWN): 0:(845.0,86.0)
:Sending Touch (ACTION_UP): 0:(845.902,72.12369)
    //[calendar_time:2019-04-26 16:45:06.823  system_uptime:600679850]
    // Sending event #300
Sleeping for 150 milliseconds
    //[calendar_time:2019-04-26 16:45:06.976  system_uptime:600680003]
    // Sending event #300
:Sending Touch (ACTION_DOWN): 0:(699.0,936.0)
:Sending Touch (ACTION_MOVE): 0:(696.71924,936.05133)
:Sending Touch (ACTION_MOVE): 0:(695.49695,936.18994)
:Sending Touch (ACTION_MOVE): 0:(691.86365,936.2698)
:Sending Touch (ACTION_UP): 0:(691.8342,936.38995)
Sleeping for 150 milliseconds
:Sending Touch (ACTION_DOWN): 0:(969.0,1500.0)
:Sending Touch (ACTION_UP): 0:(961.44495,1496.5598)
Sleeping for 150 milliseconds
:Sending Touch (ACTION_DOWN): 0:(147.0,1565.0)
:Sending Touch (ACTION_UP): 0:(143.90753,1548.0272)
Sleeping for 150 milliseconds
:Sending Key (ACTION_DOWN): 19    // KEYCODE_DPAD_UP
:Sending Key (ACTION_UP): 19    // KEYCODE_DPAD_UP
Sleeping for 150 milliseconds
:Sending Touch (ACTION_DOWN): 0:(960.0,253.0)
:Sending Touch (ACTION_UP): 0:(961.34607,249.614)
Sleeping for 150 milliseconds
:Sending Touch (ACTION_DOWN): 0:(906.0,246.0)
:Sending Touch (ACTION_UP): 0:(907.4751,245.42169)
Sleeping for 150 milliseconds
:Sending Touch (ACTION_DOWN): 0:(399.0,830.0)
:Sending Touch (ACTION_UP): 0:(407.43726,815.8746)
Sleeping for 150 milliseconds
:Sending Touch (ACTION_DOWN): 0:(973.0,1509.0)
:Sending Touch (ACTION_UP): 0:(975.9484,1498.487)
Sleeping for 150 milliseconds
:Sending Touch (ACTION_DOWN): 0:(391.0,257.0)
:Sending Touch (ACTION_UP): 0:(391.53455,255.8573)
Sleeping for 150 milliseconds
:Sending Key (ACTION_DOWN): 19    // KEYCODE_DPAD_UP
:Sending Key (ACTION_UP): 19    // KEYCODE_DPAD_UP
Sleeping for 150 milliseconds
:Sending Touch (ACTION_DOWN): 0:(585.0,113.0)
:Sending Touch (ACTION_UP): 0:(600.73,101.17708)
Sleeping for 150 milliseconds
:Sending Touch (ACTION_DOWN): 0:(767.0,681.0)
:Sending Touch (ACTION_UP): 0:(772.3909,680.2829)
Sleeping for 150 milliseconds
:Sending Touch (ACTION_DOWN): 0:(500.0,1695.0)
:Sending Touch (ACTION_UP): 0:(496.2779,1695.745)
Sleeping for 150 milliseconds
:Sending Touch (ACTION_DOWN): 0:(288.0,362.0)
:Sending Touch (ACTION_UP): 0:(288.59802,375.47635)
Sleeping for 150 milliseconds
:Sending Trackball (ACTION_MOVE): 0:(4.0,-3.0)
:Sending Trackball (ACTION_MOVE): 0:(-4.0,2.0)
:Sending Trackball (ACTION_MOVE): 0:(-5.0,-2.0)
:Sending Trackball (ACTION_MOVE): 0:(3.0,2.0)
:Sending Trackball (ACTION_MOVE): 0:(4.0,3.0)
:Sending Trackball (ACTION_MOVE): 0:(-4.0,3.0)
:Sending Trackball (ACTION_MOVE): 0:(-5.0,3.0)
:Sending Trackball (ACTION_MOVE): 0:(-5.0,1.0)
:Sending Trackball (ACTION_MOVE): 0:(1.0,2.0)
:Sending Trackball (ACTION_MOVE): 0:(1.0,-3.0)
:Sending Trackball (ACTION_MOVE): 0:(3.0,3.0)
:Sending Trackball (ACTION_MOVE): 0:(0.0,-4.0)
:Sending Trackball (ACTION_MOVE): 0:(4.0,-4.0)
:Sending Trackball (ACTION_MOVE): 0:(0.0,1.0)
:Sending Trackball (ACTION_MOVE): 0:(-1.0,2.0)
:Sending Trackball (ACTION_MOVE): 0:(-5.0,-4.0)
:Sending Trackball (ACTION_MOVE): 0:(3.0,4.0)
:Sending Trackball (ACTION_MOVE): 0:(-1.0,-4.0)
:Sending Trackball (ACTION_MOVE): 0:(-4.0,-3.0)
:Sending Trackball (ACTION_MOVE): 0:(-2.0,-3.0)
:Sending Touch (ACTION_DOWN): 0:(376.0,1314.0)
:Sending Touch (ACTION_UP): 0:(379.58032,1312.2098)
Sleeping for 150 milliseconds
:Sending Touch (ACTION_DOWN): 0:(193.0,250.0)
:Sending Touch (ACTION_UP): 0:(184.25589,232.49165)
Sleeping for 150 milliseconds
:Sending Touch (ACTION_DOWN): 0:(234.0,624.0)
:Sending Touch (ACTION_UP): 0:(235.96523,615.34326)
Sleeping for 150 milliseconds
:Sending Touch (ACTION_DOWN): 0:(192.0,1093.0)
:Sending Touch (ACTION_UP): 0:(207.31102,1085.5996)
Sleeping for 150 milliseconds
:Sending Touch (ACTION_DOWN): 0:(142.0,561.0)
:Sending Touch (ACTION_UP): 0:(142.61797,561.4865)
Sleeping for 150 milliseconds
:Sending Touch (ACTION_DOWN): 0:(884.0,1221.0)
:Sending Touch (ACTION_UP): 0:(900.38947,1222.4672)
Sleeping for 150 milliseconds
:Sending Touch (ACTION_DOWN): 0:(1069.0,1193.0)
:Sending Touch (ACTION_UP): 0:(1065.8997,1193.4865)
Sleeping for 150 milliseconds
:Sending Touch (ACTION_DOWN): 0:(873.0,1434.0)
:Sending Touch (ACTION_UP): 0:(864.92255,1439.9376)
Sleeping for 150 milliseconds
:Sending Touch (ACTION_DOWN): 0:(934.0,115.0)
:Sending Touch (ACTION_UP): 0:(942.8709,121.457115)
Sleeping for 150 milliseconds
    // Allowing start of Intent { cmp=com.tencent.mm/.chatroom.ui.ChatroomInfoUI } in package com.tencent.mm
:Sending Touch (ACTION_DOWN): 0:(674.0,1294.0)
:Sending Touch (ACTION_UP): 0:(682.0995,1292.6542)
Sleeping for 150 milliseconds
:Sending Touch (ACTION_DOWN): 0:(663.0,1361.0)
:Sending Touch (ACTION_UP): 0:(667.0094,1358.3624)
Sleeping for 150 milliseconds
:Sending Touch (ACTION_DOWN): 0:(149.0,1616.0)
:Sending Touch (ACTION_UP): 0:(151.26097,1612.2684)
Sleeping for 150 milliseconds
:Sending Touch (ACTION_DOWN): 0:(344.0,799.0)
:Sending Touch (ACTION_UP): 0:(346.17157,798.37256)
Sleeping for 150 milliseconds
    // Allowing start of Intent { cmp=com.tencent.mm/.plugin.setting.ui.setting.SelfQRCodeUI } in package com.tencent.mm
:Sending Touch (ACTION_DOWN): 0:(452.0,181.0)
:Sending Touch (ACTION_UP): 0:(456.2172,190.66754)
Sleeping for 150 milliseconds
:Sending Touch (ACTION_DOWN): 0:(713.0,167.0)
:Sending Touch (ACTION_UP): 0:(712.01886,166.4928)
Sleeping for 150 milliseconds
:Sending Touch (ACTION_DOWN): 0:(634.0,1195.0)
:Sending Touch (ACTION_UP): 0:(627.9251,1186.1724)
Sleeping for 150 milliseconds
:Sending Touch (ACTION_DOWN): 0:(136.0,1348.0)
:Sending Touch (ACTION_UP): 0:(149.21873,1342.8727)
Sleeping for 150 milliseconds
:Sending Touch (ACTION_DOWN): 0:(454.0,877.0)
:Sending Touch (ACTION_UP): 0:(459.98105,881.25854)
Sleeping for 150 milliseconds
:Sending Touch (ACTION_DOWN): 0:(542.0,142.0)
:Sending Touch (ACTION_UP): 0:(544.9352,129.87114)
Sleeping for 150 milliseconds
:Sending Touch (ACTION_DOWN): 0:(924.0,1348.0)
:Sending Touch (ACTION_UP): 0:(927.29346,1350.3329)
Sleeping for 150 milliseconds
:Sending Touch (ACTION_DOWN): 0:(1033.0,1464.0)
:Sending Touch (ACTION_MOVE): 0:(1041.9231,1468.5323)
:Sending Touch (ACTION_MOVE): 0:(1046.8708,1471.4994)
:Sending Touch (ACTION_MOVE): 0:(1058.3573,1476.1078)
:Sending Touch (ACTION_MOVE): 0:(1074.313,1486.9961)
:Sending Touch (ACTION_MOVE): 0:(1080.0,1489.376)
:Sending Touch (ACTION_MOVE): 0:(1080.0,1490.6179)
:Sending Touch (ACTION_UP): 0:(1080.0,1501.4796)
Sleeping for 150 milliseconds
:Sending Touch (ACTION_DOWN): 0:(485.0,1077.0)
    //[calendar_time:2019-04-26 16:45:13.001  system_uptime:600686029]
    // Sending event #400
:Sending Touch (ACTION_UP): 0:(485.17722,1078.1497)
Sleeping for 150 milliseconds
:Sending Key (ACTION_DOWN): 22    // KEYCODE_DPAD_RIGHT
:Sending Key (ACTION_UP): 22    // KEYCODE_DPAD_RIGHT
Sleeping for 150 milliseconds
:Sending Touch (ACTION_DOWN): 0:(963.0,1265.0)
:Sending Touch (ACTION_UP): 0:(961.6801,1265.2983)
Sleeping for 150 milliseconds
:Sending Touch (ACTION_DOWN): 0:(103.0,1027.0)
:Sending Touch (ACTION_UP): 0:(112.73451,1011.2349)
Sleeping for 150 milliseconds
:Sending Trackball (ACTION_MOVE): 0:(-1.0,-1.0)
:Sending Trackball (ACTION_MOVE): 0:(3.0,-1.0)
:Sending Trackball (ACTION_MOVE): 0:(1.0,3.0)
:Sending Trackball (ACTION_MOVE): 0:(3.0,-4.0)
:Sending Trackball (ACTION_MOVE): 0:(0.0,-3.0)
:Sending Trackball (ACTION_MOVE): 0:(2.0,-1.0)
:Sending Trackball (ACTION_MOVE): 0:(-5.0,-1.0)
:Sending Trackball (ACTION_MOVE): 0:(-5.0,-5.0)
:Sending Trackball (ACTION_MOVE): 0:(4.0,3.0)
:Sending Trackball (ACTION_MOVE): 0:(3.0,0.0)
:Sending Touch (ACTION_DOWN): 0:(823.0,244.0)
:Sending Touch (ACTION_UP): 0:(823.63525,265.9065)
Sleeping for 150 milliseconds
:Sending Touch (ACTION_DOWN): 0:(127.0,432.0)
:Sending Touch (ACTION_UP): 0:(131.90309,437.5783)
Sleeping for 150 milliseconds
:Sending Touch (ACTION_DOWN): 0:(835.0,1043.0)
:Sending Touch (ACTION_UP): 0:(825.6256,1043.17)
Sleeping for 150 milliseconds
:Sending Touch (ACTION_DOWN): 0:(870.0,905.0)
:Sending Touch (ACTION_UP): 0:(880.8535,925.9613)
Sleeping for 150 milliseconds
:Sending Touch (ACTION_DOWN): 0:(751.0,281.0)
:Sending Touch (ACTION_MOVE): 0:(752.0724,281.00284)
:Sending Touch (ACTION_MOVE): 0:(756.56433,281.0189)
:Sending Touch (ACTION_MOVE): 0:(761.01337,281.11902)
:Sending Touch (ACTION_MOVE): 0:(768.0084,281.17297)
:Sending Touch (ACTION_UP): 0:(768.2368,281.2755)
Sleeping for 150 milliseconds
:Sending Touch (ACTION_DOWN): 0:(154.0,627.0)
:Sending Touch (ACTION_UP): 0:(159.18091,626.6521)
Sleeping for 150 milliseconds
:Sending Touch (ACTION_DOWN): 0:(696.0,1474.0)
:Sending Touch (ACTION_UP): 0:(686.51697,1474.8684)
Sleeping for 150 milliseconds
:Sending Key (ACTION_DOWN): 22    // KEYCODE_DPAD_RIGHT
:Sending Key (ACTION_UP): 22    // KEYCODE_DPAD_RIGHT
Sleeping for 150 milliseconds
:Sending Touch (ACTION_DOWN): 0:(641.0,603.0)
:Sending Touch (ACTION_MOVE): 0:(620.1306,594.22015)
:Sending Touch (ACTION_MOVE): 0:(604.9148,592.0085)
:Sending Touch (ACTION_MOVE): 0:(602.1965,588.51373)
:Sending Touch (ACTION_MOVE): 0:(600.63586,587.112)
:Sending Touch (ACTION_UP): 0:(587.99335,580.329)
Sleeping for 150 milliseconds
:Sending Touch (ACTION_DOWN): 0:(125.0,863.0)
:Sending Touch (ACTION_UP): 0:(132.72859,853.70984)
Sleeping for 150 milliseconds
:Sending Touch (ACTION_DOWN): 0:(816.0,1422.0)
:Sending Touch (ACTION_UP): 0:(818.2626,1421.6982)
Sleeping for 150 milliseconds
:Sending Touch (ACTION_DOWN): 0:(1044.0,1510.0)
:Sending Touch (ACTION_UP): 0:(1051.3292,1517.9854)
Sleeping for 150 milliseconds
:Sending Touch (ACTION_DOWN): 0:(564.0,819.0)
:Sending Touch (ACTION_MOVE): 0:(553.63776,823.2271)
:Sending Touch (ACTION_MOVE): 0:(552.74243,827.37726)
:Sending Touch (ACTION_MOVE): 0:(551.6162,830.352)
:Sending Touch (ACTION_MOVE): 0:(542.7741,836.30237)
:Sending Touch (ACTION_MOVE): 0:(537.42224,837.94635)
:Sending Touch (ACTION_MOVE): 0:(527.1854,843.3032)
:Sending Touch (ACTION_MOVE): 0:(520.1033,846.3235)
:Sending Touch (ACTION_UP): 0:(515.50946,847.2419)
Sleeping for 150 milliseconds
:Sending Touch (ACTION_DOWN): 0:(77.0,1622.0)
:Sending Touch (ACTION_UP): 0:(74.47397,1629.0419)
Sleeping for 150 milliseconds
:Sending Touch (ACTION_DOWN): 0:(431.0,211.0)
:Sending Touch (ACTION_UP): 0:(408.67337,218.67995)
Sleeping for 150 milliseconds
:Sending Touch (ACTION_DOWN): 0:(823.0,294.0)
:Sending Touch (ACTION_UP): 0:(804.2378,291.05737)
Sleeping for 150 milliseconds
:Sending Touch (ACTION_DOWN): 0:(910.0,1413.0)
:Sending Touch (ACTION_UP): 0:(903.7045,1391.5054)
Sleeping for 150 milliseconds
:Sending Touch (ACTION_DOWN): 0:(789.0,515.0)
:Sending Touch (ACTION_MOVE): 0:(792.45483,512.40436)
:Sending Touch (ACTION_MOVE): 0:(795.01764,509.0165)
:Sending Touch (ACTION_MOVE): 0:(795.6754,497.30536)
:Sending Touch (ACTION_MOVE): 0:(800.85846,481.8505)
:Sending Touch (ACTION_MOVE): 0:(802.549,469.96616)
:Sending Touch (ACTION_MOVE): 0:(803.5841,468.61832)
:Sending Touch (ACTION_MOVE): 0:(804.6016,459.9223)
:Sending Touch (ACTION_MOVE): 0:(808.206,456.74536)
:Sending Touch (ACTION_MOVE): 0:(811.35864,444.63983)
:Sending Touch (ACTION_UP): 0:(814.8929,433.22125)
Sleeping for 150 milliseconds
:Sending Touch (ACTION_DOWN): 0:(160.0,1786.0)
:Sending Touch (ACTION_UP): 0:(166.64719,1785.9093)
Sleeping for 150 milliseconds
:Sending Touch (ACTION_DOWN): 0:(977.0,501.0)
:Sending Touch (ACTION_UP): 0:(968.42175,514.5839)
Sleeping for 150 milliseconds
:Sending Touch (ACTION_DOWN): 0:(991.0,166.0)
:Sending Touch (ACTION_UP): 0:(1005.3601,152.89839)
Sleeping for 150 milliseconds
:Sending Trackball (ACTION_MOVE): 0:(-4.0,2.0)
:Sending Trackball (ACTION_MOVE): 0:(3.0,-3.0)
:Sending Trackball (ACTION_MOVE): 0:(-4.0,-4.0)
:Sending Trackball (ACTION_MOVE): 0:(0.0,1.0)
:Sending Trackball (ACTION_MOVE): 0:(1.0,4.0)
:Sending Trackball (ACTION_MOVE): 0:(-1.0,1.0)
:Sending Trackball (ACTION_MOVE): 0:(2.0,0.0)
:Sending Trackball (ACTION_MOVE): 0:(-3.0,-5.0)
:Sending Trackball (ACTION_MOVE): 0:(3.0,-3.0)
:Sending Trackball (ACTION_MOVE): 0:(3.0,-3.0)
:Sending Trackball (ACTION_MOVE): 0:(-2.0,-5.0)
:Sending Trackball (ACTION_MOVE): 0:(-2.0,4.0)
:Sending Trackball (ACTION_MOVE): 0:(0.0,-3.0)
:Sending Trackball (ACTION_MOVE): 0:(-3.0,-5.0)
:Sending Trackball (ACTION_MOVE): 0:(4.0,-4.0)
:Sending Trackball (ACTION_MOVE): 0:(2.0,0.0)
:Sending Trackball (ACTION_MOVE): 0:(2.0,-1.0)
Events injected: 500
:Sending rotation degree=0, persist=false
:Dropped: keys=0 pointers=0 trackballs=0 flips=0 rotations=0
## Network stats: elapsed time=26476ms (0ms mobile, 0ms wifi, 26476ms not connected)
// Monkey finished
