[32m[2019-04-25 11:51:42,131] [logger.py:103] [logger:__console] [INFO]- <page.page_zaojiao.Zaojiaopage object at 0x03E58350>é¡µé¢ä¸­æœªèƒ½æ‰¾åˆ°å…ƒç´ ('xpath', '//*[@resource-id="com.tencent.mm:id/c5" and @text="å°å°åŒ…æ—©æ•™"]')[0m
[32m[2019-04-25 11:53:58,245] [logger.py:103] [logger:__console] [INFO]- <page.page_zaojiao.Zaojiaopage object at 0x039F86D0>é¡µé¢ä¸­æœªèƒ½æ‰¾åˆ°å…ƒç´ ('xpath', '//*[@resource-id="com.tencent.mm:id/c5" and @text="å°å°åŒ…æ—©æ•™"]')[0m
[32m[2019-04-25 11:53:58,247] [logger.py:103] [logger:__console] [INFO]- æµ‹è¯•å°ç¨‹åºåˆ é™¤æˆåŠŸï¼[0m
[32m[2019-04-25 11:59:58,196] [logger.py:103] [logger:__console] [INFO]- <page.page_zaojiao.Zaojiaopage object at 0x03FB8730>é¡µé¢ä¸­æœªèƒ½æ‰¾åˆ°å…ƒç´ ('xpath', '//*[contains(@text, "åˆ é™¤")]')[0m
[32m[2019-04-25 12:04:12,560] [logger.py:103] [logger:__console] [INFO]- <page.page_zaojiao.Zaojiaopage object at 0x03668710>é¡µé¢ä¸­æœªèƒ½æ‰¾åˆ°å…ƒç´ ('xpath', '//*[@resource-id="com.tencent.mm:id/c5" and @text="å°å°åŒ…æ—©æ•™"]')[0m
[32m[2019-04-25 12:04:12,564] [logger.py:103] [logger:__console] [INFO]- æµ‹è¯•å°ç¨‹åºåˆ é™¤æˆåŠŸï¼[0m
[32m[2019-04-25 13:12:56,521] [logger.py:103] [logger:__console] [INFO]- <page.page_zaojiao.Zaojiaopage object at 0x035DA8B0>é¡µé¢ä¸­æœªèƒ½æ‰¾åˆ°å…ƒç´ ('xpath', '//*[@resource-id="com.tencent.mm:id/cw" and @text="å°å°åŒ…æ—©æ•™"]')[0m
[31m[2019-04-25 13:12:56,525] [logger.py:109] [logger:__console] [ERROR]- è¢«æµ‹å°ç¨‹åºä¸å­˜åœ¨ï¼[0m
[32m[2019-04-25 13:50:46,084] [logger.py:103] [logger:__console] [INFO]- <page.page_zaojiao.Zaojiaopage object at 0x035E1BD0>é¡µé¢ä¸­æœªèƒ½æ‰¾åˆ°å…ƒç´ ('xpath', '//*[contains(@text, "ç«‹å³è´­ä¹°")]')[0m
[32m[2019-04-25 13:51:47,908] [logger.py:103] [logger:__console] [INFO]- <page.page_zaojiao.Zaojiaopage object at 0x035E1BD0>é¡µé¢ä¸­æœªèƒ½æ‰¾åˆ°å…ƒç´ ('xpath', '//*[contains(@text, "ç«‹å³è´­ä¹°")]')[0m
[32m[2019-04-25 14:12:17,646] [logger.py:103] [logger:__console] [INFO]- <page.page_zaojiao.Zaojiaopage object at 0x03F38930>é¡µé¢ä¸­æœªèƒ½æ‰¾åˆ°å…ƒç´ ('xpath', '//*[contains(@text, "ç«‹å³äº†è§£æ­£å¼è¯¾ ")]')[0m
[32m[2019-04-25 14:30:40,402] [logger.py:103] [logger:__console] [INFO]- <page.page_zaojiao.Zaojiaopage object at 0x0431B1B0>é¡µé¢ä¸­æœªèƒ½æ‰¾åˆ°å…ƒç´ ('xpath', '//*[contains(@text, "ç«‹å³è´­ä¹°")]')[0m
[31m[2019-04-25 14:32:05,117] [logger.py:109] [logger:__console] [ERROR]- locatorå‚æ•°å¿…é¡»æ˜¯å…ƒç»„ç±»å‹ï¼Œè€Œä¸æ˜¯ï¼š<class 'method'>[0m
[31m[2019-04-25 14:52:41,726] [logger.py:109] [logger:__console] [ERROR]- locatorå‚æ•°å¿…é¡»æ˜¯å…ƒç»„ç±»å‹ï¼Œè€Œä¸æ˜¯ï¼š<class 'method'>[0m
[32m[2019-04-25 15:10:19,854] [logger.py:103] [logger:__console] [INFO]- <page.page_zaojiao.Zaojiaopage object at 0x03AB1630>é¡µé¢ä¸­æœªèƒ½æ‰¾åˆ°å…ƒç´ ('xpath', '//*[contains(@text, "ç«‹å³å¬è¯¾")]')[0m
[32m[2019-04-25 15:10:58,434] [logger.py:103] [logger:__console] [INFO]- <page.page_zaojiao.Zaojiaopage object at 0x03B5C1B0>é¡µé¢ä¸­æœªèƒ½æ‰¾åˆ°å…ƒç´ ('xpath', '//*[contains(@text, "ç«‹å³å¬è¯¾")]')[0m
[32m[2019-04-25 15:11:30,813] [logger.py:103] [logger:__console] [INFO]- <page.page_zaojiao.Zaojiaopage object at 0x035CC170>é¡µé¢ä¸­æœªèƒ½æ‰¾åˆ°å…ƒç´ ('xpath', '//*[contains(@text, "ç«‹å³å¬è¯¾")]')[0m
[32m[2019-04-25 15:57:12,381] [logger.py:103] [logger:__console] [INFO]- æ­£åœ¨è¿›å…¥è¢«æµ‹å°ç¨‹åº...[0m
[32m[2019-04-25 15:57:17,713] [logger.py:103] [logger:__console] [INFO]- è¿›è¡Œè´­ä¹°æ ¸å¿ƒè¯¾æ“ä½œ...[0m
[32m[2019-04-25 15:57:23,916] [logger.py:103] [logger:__console] [INFO]- æ”¯ä»˜é‡‘é¢æ˜¯ï¼š0.01[0m
[32m[2019-04-25 15:57:23,918] [logger.py:103] [logger:__console] [INFO]- æ”¯ä»˜é‡‘é¢æ˜¯ï¼š0.01[0m
[32m[2019-04-25 15:57:37,561] [logger.py:103] [logger:__console] [INFO]- æ”¯ä»˜å®Œæˆï¼Œè¿›è¡Œé¢†å–æ ¸å¿ƒè¯¾æ“ä½œ...[0m
[32m[2019-04-25 15:57:50,800] [logger.py:103] [logger:__console] [INFO]- <page.page_zaojiao.Zaojiaopage object at 0x040C26B0>é¡µé¢ä¸­æœªèƒ½æ‰¾åˆ°å…ƒç´ ('xpath', '//*[contains(@text, "æ”¶ä»¶äººï¼š")]')[0m
[32m[2019-04-25 15:57:50,803] [logger.py:103] [logger:__console] [INFO]- åœ°å€ä¿¡æ¯ä¸å­˜åœ¨ï¼Œè¿›è¡Œæ·»åŠ åœ°å€ä¿¡æ¯æ“ä½œ...[0m
[32m[2019-04-25 15:58:55,607] [logger.py:103] [logger:__console] [INFO]- æ·»åŠ æ”¶è´§åœ°å€å®Œæˆï¼[0m
[32m[2019-04-25 15:58:57,440] [logger.py:103] [logger:__console] [INFO]- é¢†å–è¯¾ç¨‹æˆåŠŸï¼[0m
[32m[2019-04-25 17:56:20,941] [logger.py:103] [logger:__console] [INFO]- æ­£åœ¨è¿›å…¥è¢«æµ‹å°ç¨‹åº...[0m
[32m[2019-04-25 17:56:28,618] [logger.py:103] [logger:__console] [INFO]- è¿›è¡Œè´­ä¹°æ ¸å¿ƒè¯¾æ“ä½œ...[0m
[32m[2019-04-25 17:56:35,203] [logger.py:103] [logger:__console] [INFO]- æ”¯ä»˜é‡‘é¢æ˜¯ï¼š0.01[0m
[32m[2019-04-25 17:56:47,048] [logger.py:103] [logger:__console] [INFO]- æ”¯ä»˜å®Œæˆï¼Œè¿›è¡Œé¢†å–æ ¸å¿ƒè¯¾æ“ä½œ...[0m
[32m[2019-04-25 17:57:00,039] [logger.py:103] [logger:__console] [INFO]- <page.page_zaojiao.Zaojiaopage object at 0x045DF8F0>é¡µé¢ä¸­æœªèƒ½æ‰¾åˆ°å…ƒç´ ('xpath', '//*[contains(@text, "æ”¶ä»¶äººï¼š")]')[0m
[32m[2019-04-25 17:57:00,041] [logger.py:103] [logger:__console] [INFO]- åœ°å€ä¿¡æ¯ä¸å­˜åœ¨ï¼Œè¿›è¡Œæ·»åŠ åœ°å€ä¿¡æ¯æ“ä½œ...[0m
[32m[2019-04-25 17:57:56,292] [logger.py:103] [logger:__console] [INFO]- æ·»åŠ æ”¶è´§åœ°å€å®Œæˆï¼[0m
[32m[2019-04-25 17:57:58,067] [logger.py:103] [logger:__console] [INFO]- é¢†å–è¯¾ç¨‹æˆåŠŸï¼[0m
[32m[2019-04-25 17:58:14,088] [logger.py:103] [logger:__console] [INFO]- <page.page_zaojiao.Zaojiaopage object at 0x045DF8F0>é¡µé¢ä¸­æœªèƒ½æ‰¾åˆ°å…ƒç´ ('xpath', '//*[contains(@text, "2019-0")]')[0m
[32m[2019-04-25 18:10:33,991] [logger.py:103] [logger:__console] [INFO]- æ­£åœ¨è¿›å…¥è¢«æµ‹å°ç¨‹åº...[0m
[32m[2019-04-25 18:10:39,315] [logger.py:103] [logger:__console] [INFO]- è¿›è¡Œè´­ä¹°æ ¸å¿ƒè¯¾æ“ä½œ...[0m
[32m[2019-04-25 18:10:46,100] [logger.py:103] [logger:__console] [INFO]- æ”¯ä»˜é‡‘é¢æ˜¯ï¼š0.01[0m
[32m[2019-04-25 18:10:59,728] [logger.py:103] [logger:__console] [INFO]- æ”¯ä»˜å®Œæˆï¼Œè¿›è¡Œé¢†å–æ ¸å¿ƒè¯¾æ“ä½œ...[0m
[32m[2019-04-25 18:11:12,863] [logger.py:103] [logger:__console] [INFO]- <page.page_zaojiao.Zaojiaopage object at 0x035C8350>é¡µé¢ä¸­æœªèƒ½æ‰¾åˆ°å…ƒç´ ('xpath', '//*[contains(@text, "æ”¶ä»¶äººï¼š")]')[0m
[32m[2019-04-25 18:11:12,865] [logger.py:103] [logger:__console] [INFO]- åœ°å€ä¿¡æ¯ä¸å­˜åœ¨ï¼Œè¿›è¡Œæ·»åŠ åœ°å€ä¿¡æ¯æ“ä½œ...[0m
[32m[2019-04-25 18:12:18,198] [logger.py:103] [logger:__console] [INFO]- æ·»åŠ æ”¶è´§åœ°å€å®Œæˆï¼[0m
[32m[2019-04-25 18:12:20,139] [logger.py:103] [logger:__console] [INFO]- é¢†å–è¯¾ç¨‹æˆåŠŸï¼[0m
[32m[2019-04-25 18:12:37,582] [logger.py:103] [logger:__console] [INFO]- <page.page_zaojiao.Zaojiaopage object at 0x035C8350>é¡µé¢ä¸­æœªèƒ½æ‰¾åˆ°å…ƒç´ ('xpath', '//*[contains(@text, "2019-0")]')[0m
[32m[2019-04-25 18:14:52,163] [logger.py:103] [logger:__console] [INFO]- æ­£åœ¨è¿›å…¥è¢«æµ‹å°ç¨‹åº...[0m
[32m[2019-04-25 18:14:57,243] [logger.py:103] [logger:__console] [INFO]- è¿›è¡Œè´­ä¹°æ ¸å¿ƒè¯¾æ“ä½œ...[0m
[32m[2019-04-25 18:15:04,359] [logger.py:103] [logger:__console] [INFO]- æ”¯ä»˜é‡‘é¢æ˜¯ï¼š0.01[0m
[32m[2019-04-25 18:15:19,124] [logger.py:103] [logger:__console] [INFO]- æ”¯ä»˜å®Œæˆï¼Œè¿›è¡Œé¢†å–æ ¸å¿ƒè¯¾æ“ä½œ...[0m
[32m[2019-04-25 18:15:32,028] [logger.py:103] [logger:__console] [INFO]- <page.page_zaojiao.Zaojiaopage object at 0x04438D90>é¡µé¢ä¸­æœªèƒ½æ‰¾åˆ°å…ƒç´ ('xpath', '//*[contains(@text, "æ”¶ä»¶äººï¼š")]')[0m
[32m[2019-04-25 18:15:32,032] [logger.py:103] [logger:__console] [INFO]- åœ°å€ä¿¡æ¯ä¸å­˜åœ¨ï¼Œè¿›è¡Œæ·»åŠ åœ°å€ä¿¡æ¯æ“ä½œ...[0m
[32m[2019-04-25 18:15:42,663] [logger.py:103] [logger:__console] [INFO]- <page.page_zaojiao.Zaojiaopage object at 0x04438D90>é¡µé¢ä¸­æœªèƒ½æ‰¾åˆ°å…ƒç´ ('xpath', '//*[contains(@text, "æ·»åŠ åœ°å€")]')[0m
[32m[2019-04-25 18:17:37,169] [logger.py:103] [logger:__console] [INFO]- æ­£åœ¨è¿›å…¥è¢«æµ‹å°ç¨‹åº...[0m
[32m[2019-04-25 18:17:43,072] [logger.py:103] [logger:__console] [INFO]- è¿›è¡Œè´­ä¹°æ ¸å¿ƒè¯¾æ“ä½œ...[0m
[32m[2019-04-25 18:17:49,659] [logger.py:103] [logger:__console] [INFO]- æ”¯ä»˜é‡‘é¢æ˜¯ï¼š0.01[0m
[32m[2019-04-25 18:18:03,727] [logger.py:103] [logger:__console] [INFO]- æ”¯ä»˜å®Œæˆï¼Œè¿›è¡Œé¢†å–æ ¸å¿ƒè¯¾æ“ä½œ...[0m
[32m[2019-04-25 18:18:16,734] [logger.py:103] [logger:__console] [INFO]- <page.page_zaojiao.Zaojiaopage object at 0x03E28A50>é¡µé¢ä¸­æœªèƒ½æ‰¾åˆ°å…ƒç´ ('xpath', '//*[contains(@text, "æ”¶ä»¶äººï¼š")]')[0m
[32m[2019-04-25 18:18:16,738] [logger.py:103] [logger:__console] [INFO]- åœ°å€ä¿¡æ¯ä¸å­˜åœ¨ï¼Œè¿›è¡Œæ·»åŠ åœ°å€ä¿¡æ¯æ“ä½œ...[0m
[32m[2019-04-25 18:19:22,406] [logger.py:103] [logger:__console] [INFO]- æ·»åŠ æ”¶è´§åœ°å€å®Œæˆï¼[0m
[32m[2019-04-25 18:19:24,384] [logger.py:103] [logger:__console] [INFO]- é¢†å–è¯¾ç¨‹æˆåŠŸï¼[0m
[32m[2019-04-25 18:19:42,023] [logger.py:103] [logger:__console] [INFO]- <page.page_zaojiao.Zaojiaopage object at 0x03E28A50>é¡µé¢ä¸­æœªèƒ½æ‰¾åˆ°å…ƒç´ ('xpath', '//*[contains(@text, "2019-0")]')[0m
[32m[2019-04-25 18:27:33,932] [logger.py:103] [logger:__console] [INFO]- æ­£åœ¨è¿›å…¥è¢«æµ‹å°ç¨‹åº...[0m
[32m[2019-04-25 18:27:39,978] [logger.py:103] [logger:__console] [INFO]- è¿›è¡Œè´­ä¹°æ ¸å¿ƒè¯¾æ“ä½œ...[0m
[32m[2019-04-25 18:27:46,845] [logger.py:103] [logger:__console] [INFO]- æ”¯ä»˜é‡‘é¢æ˜¯ï¼š0.01[0m
[32m[2019-04-25 18:28:00,017] [logger.py:103] [logger:__console] [INFO]- æ”¯ä»˜å®Œæˆï¼Œè¿›è¡Œé¢†å–æ ¸å¿ƒè¯¾æ“ä½œ...[0m
[32m[2019-04-25 18:28:13,192] [logger.py:103] [logger:__console] [INFO]- <page.page_zaojiao.Zaojiaopage object at 0x04C94BF0>é¡µé¢ä¸­æœªèƒ½æ‰¾åˆ°å…ƒç´ ('xpath', '//*[contains(@text, "æ”¶ä»¶äººï¼š")]')[0m
[32m[2019-04-25 18:28:13,197] [logger.py:103] [logger:__console] [INFO]- åœ°å€ä¿¡æ¯ä¸å­˜åœ¨ï¼Œè¿›è¡Œæ·»åŠ åœ°å€ä¿¡æ¯æ“ä½œ...[0m
[32m[2019-04-25 18:29:06,781] [logger.py:103] [logger:__console] [INFO]- æ·»åŠ æ”¶è´§åœ°å€å®Œæˆï¼[0m
[32m[2019-04-25 18:29:08,062] [logger.py:103] [logger:__console] [INFO]- é¢†å–è¯¾ç¨‹æˆåŠŸï¼[0m
[32m[2019-04-25 18:31:27,376] [logger.py:103] [logger:__console] [INFO]- <page.page_zaojiao.Zaojiaopage object at 0x04C94BF0>é¡µé¢ä¸­æœªèƒ½æ‰¾åˆ°å…ƒç´ ('xpath', '//*[contains(@text, "æŸ¥çœ‹å…¨éƒ¨è¯¾ç¨‹")]')[0m
[32m[2019-04-25 18:41:29,436] [logger.py:103] [logger:__console] [INFO]- æ­£åœ¨è¿›å…¥è¢«æµ‹å°ç¨‹åº...[0m
[32m[2019-04-25 18:41:35,468] [logger.py:103] [logger:__console] [INFO]- è¿›è¡Œè´­ä¹°æ ¸å¿ƒè¯¾æ“ä½œ...[0m
[32m[2019-04-25 18:41:41,559] [logger.py:103] [logger:__console] [INFO]- æ”¯ä»˜é‡‘é¢æ˜¯ï¼š0.01[0m
[32m[2019-04-25 18:41:55,268] [logger.py:103] [logger:__console] [INFO]- æ”¯ä»˜å®Œæˆï¼Œè¿›è¡Œé¢†å–æ ¸å¿ƒè¯¾æ“ä½œ...[0m
[32m[2019-04-25 18:42:08,762] [logger.py:103] [logger:__console] [INFO]- <page.page_zaojiao.Zaojiaopage object at 0x04428D30>é¡µé¢ä¸­æœªèƒ½æ‰¾åˆ°å…ƒç´ ('xpath', '//*[contains(@text, "æ”¶ä»¶äººï¼š")]')[0m
[32m[2019-04-25 18:42:08,765] [logger.py:103] [logger:__console] [INFO]- åœ°å€ä¿¡æ¯ä¸å­˜åœ¨ï¼Œè¿›è¡Œæ·»åŠ åœ°å€ä¿¡æ¯æ“ä½œ...[0m
[32m[2019-04-25 18:43:04,978] [logger.py:103] [logger:__console] [INFO]- æ·»åŠ æ”¶è´§åœ°å€å®Œæˆï¼[0m
[32m[2019-04-25 18:43:06,877] [logger.py:103] [logger:__console] [INFO]- é¢†å–è¯¾ç¨‹æˆåŠŸï¼[0m
[32m[2019-04-25 18:43:21,380] [logger.py:103] [logger:__console] [INFO]- <page.page_zaojiao.Zaojiaopage object at 0x04428D30>é¡µé¢ä¸­æœªèƒ½æ‰¾åˆ°å…ƒç´ ('xpath', '//*[contains(@text, "2019-0")]')[0m
[32m[2019-04-25 18:46:45,837] [logger.py:103] [logger:__console] [INFO]- æ­£åœ¨è¿›å…¥è¢«æµ‹å°ç¨‹åº...[0m
[32m[2019-04-25 18:46:51,143] [logger.py:103] [logger:__console] [INFO]- è¿›è¡Œè´­ä¹°æ ¸å¿ƒè¯¾æ“ä½œ...[0m
[32m[2019-04-25 18:46:57,493] [logger.py:103] [logger:__console] [INFO]- æ”¯ä»˜é‡‘é¢æ˜¯ï¼š0.01[0m
[32m[2019-04-25 18:47:11,079] [logger.py:103] [logger:__console] [INFO]- æ”¯ä»˜å®Œæˆï¼Œè¿›è¡Œé¢†å–æ ¸å¿ƒè¯¾æ“ä½œ...[0m
[32m[2019-04-25 18:47:24,814] [logger.py:103] [logger:__console] [INFO]- <page.page_zaojiao.Zaojiaopage object at 0x03611110>é¡µé¢ä¸­æœªèƒ½æ‰¾åˆ°å…ƒç´ ('xpath', '//*[contains(@text, "æ”¶ä»¶äººï¼š")]')[0m
[32m[2019-04-25 18:47:24,817] [logger.py:103] [logger:__console] [INFO]- åœ°å€ä¿¡æ¯ä¸å­˜åœ¨ï¼Œè¿›è¡Œæ·»åŠ åœ°å€ä¿¡æ¯æ“ä½œ...[0m
[32m[2019-04-25 18:48:32,027] [logger.py:103] [logger:__console] [INFO]- æ·»åŠ æ”¶è´§åœ°å€å®Œæˆï¼[0m
[32m[2019-04-25 18:48:32,949] [logger.py:103] [logger:__console] [INFO]- é¢†å–è¯¾ç¨‹æˆåŠŸï¼[0m
[32m[2019-04-25 18:48:43,999] [logger.py:103] [logger:__console] [INFO]- <page.page_zaojiao.Zaojiaopage object at 0x03611110>é¡µé¢ä¸­æœªèƒ½æ‰¾åˆ°å…ƒç´ ('xpath', '//*[contains(@text, "çŸ¥é“äº†")]')[0m
[32m[2019-04-25 18:49:00,084] [logger.py:103] [logger:__console] [INFO]- <page.page_zaojiao.Zaojiaopage object at 0x03611110>é¡µé¢ä¸­æœªèƒ½æ‰¾åˆ°å…ƒç´ ('xpath', '//*[contains(@text, "æŸ¥çœ‹å…¨éƒ¨è¯¾ç¨‹")]')[0m
[32m[2019-04-25 18:51:47,477] [logger.py:103] [logger:__console] [INFO]- æ­£åœ¨è¿›å…¥è¢«æµ‹å°ç¨‹åº...[0m
[32m[2019-04-25 18:51:52,698] [logger.py:103] [logger:__console] [INFO]- è¿›è¡Œè´­ä¹°æ ¸å¿ƒè¯¾æ“ä½œ...[0m
[32m[2019-04-25 18:51:58,764] [logger.py:103] [logger:__console] [INFO]- æ”¯ä»˜é‡‘é¢æ˜¯ï¼š0.01[0m
[32m[2019-04-25 18:52:12,275] [logger.py:103] [logger:__console] [INFO]- æ”¯ä»˜å®Œæˆï¼Œè¿›è¡Œé¢†å–æ ¸å¿ƒè¯¾æ“ä½œ...[0m
[32m[2019-04-25 18:52:25,787] [logger.py:103] [logger:__console] [INFO]- <page.page_zaojiao.Zaojiaopage object at 0x03DC7D50>é¡µé¢ä¸­æœªèƒ½æ‰¾åˆ°å…ƒç´ ('xpath', '//*[contains(@text, "æ”¶ä»¶äººï¼š")]')[0m
[32m[2019-04-25 18:52:25,790] [logger.py:103] [logger:__console] [INFO]- åœ°å€ä¿¡æ¯ä¸å­˜åœ¨ï¼Œè¿›è¡Œæ·»åŠ åœ°å€ä¿¡æ¯æ“ä½œ...[0m
[32m[2019-04-25 18:53:30,958] [logger.py:103] [logger:__console] [INFO]- æ·»åŠ æ”¶è´§åœ°å€å®Œæˆï¼[0m
[32m[2019-04-25 18:53:32,595] [logger.py:103] [logger:__console] [INFO]- é¢†å–è¯¾ç¨‹æˆåŠŸï¼[0m
[32m[2019-04-25 18:53:44,282] [logger.py:103] [logger:__console] [INFO]- æŸ¥çœ‹å†å²æ¨é€æˆåŠŸï¼[0m
[32m[2019-04-25 18:54:52,543] [logger.py:103] [logger:__console] [INFO]- æ­£åœ¨è¿›å…¥è¢«æµ‹å°ç¨‹åº...[0m
[32m[2019-04-25 18:54:58,521] [logger.py:103] [logger:__console] [INFO]- è¿›è¡Œè´­ä¹°æ ¸å¿ƒè¯¾æ“ä½œ...[0m
[32m[2019-04-25 18:55:04,927] [logger.py:103] [logger:__console] [INFO]- æ”¯ä»˜é‡‘é¢æ˜¯ï¼š0.01[0m
[32m[2019-04-25 18:55:19,190] [logger.py:103] [logger:__console] [INFO]- æ”¯ä»˜å®Œæˆï¼Œè¿›è¡Œé¢†å–æ ¸å¿ƒè¯¾æ“ä½œ...[0m
[32m[2019-04-25 18:55:31,400] [logger.py:103] [logger:__console] [INFO]- <page.page_zaojiao.Zaojiaopage object at 0x04587D70>é¡µé¢ä¸­æœªèƒ½æ‰¾åˆ°å…ƒç´ ('xpath', '//*[contains(@text, "æ”¶ä»¶äººï¼š")]')[0m
[32m[2019-04-25 18:55:31,405] [logger.py:103] [logger:__console] [INFO]- åœ°å€ä¿¡æ¯ä¸å­˜åœ¨ï¼Œè¿›è¡Œæ·»åŠ åœ°å€ä¿¡æ¯æ“ä½œ...[0m
[32m[2019-04-25 18:56:38,460] [logger.py:103] [logger:__console] [INFO]- æ·»åŠ æ”¶è´§åœ°å€å®Œæˆï¼[0m
[32m[2019-04-25 18:56:40,383] [logger.py:103] [logger:__console] [INFO]- é¢†å–è¯¾ç¨‹æˆåŠŸï¼[0m
[32m[2019-04-25 18:57:00,973] [logger.py:103] [logger:__console] [INFO]- <page.page_zaojiao.Zaojiaopage object at 0x04587D70>é¡µé¢ä¸­æœªèƒ½æ‰¾åˆ°å…ƒç´ ('xpath', '//*[contains(@text, "2019-0")]')[0m
