[32m[2019-03-31 17:45:55,374] [logger.py:103] [logger:__console] [INFO]- <tmp.eg.page_sku.XxbmmSkuPage object at 0x03323810>é¡µé¢ä¸­æœªèƒ½æ‰¾åˆ°å…ƒç´ ('accessibility id', 'é¦–é¡µ')[0m
[32m[2019-03-31 18:12:59,253] [logger.py:103] [logger:__console] [INFO]- <tmp.eg.page_sku.XxbmmSkuPage object at 0x00AD44F0>é¡µé¢ä¸­æœªèƒ½æ‰¾åˆ°å…ƒç´ ('accessibility id', 'é¦–é¡µ')[0m
[32m[2019-03-31 18:15:10,981] [logger.py:103] [logger:__console] [INFO]- <tmp.eg.page_sku.XxbmmSkuPage object at 0x006CB5B0>é¡µé¢ä¸­æœªèƒ½æ‰¾åˆ°å…ƒç´ ('accessibility id', 'é¦–é¡µ')[0m
[32m[2019-03-31 18:24:26,071] [logger.py:103] [logger:__console] [INFO]- <tmp.eg.page_sku.XbuPage object at 0x0330AF70>é¡µé¢ä¸­æœªèƒ½æ‰¾åˆ°å…ƒç´ ('accessibility id', 'å…¨éƒ¨è¯¾ç¨‹')[0m
[32m[2019-03-31 18:27:24,457] [logger.py:103] [logger:__console] [INFO]- <tmp.eg.page_sku.XbuPage object at 0x0331AF90>é¡µé¢ä¸­æœªèƒ½æ‰¾åˆ°å…ƒç´ ('xpath', '//*[@id="com.xiaobu121.xiaobu.xiaobu_android:id/tv_title"][1]')[0m
[32m[2019-03-31 21:04:33,797] [logger.py:103] [logger:__console] [INFO]- <tmp.eg.page_sku.XbuPage object at 0x0331BF30>é¡µé¢ä¸­æœªèƒ½æ‰¾åˆ°å…ƒç´ ('xpath', '//*[@id="com.xiaobu121.xiaobu.xiaobu_android:id/tv_title"]')[0m
[32m[2019-03-31 21:19:50,309] [logger.py:103] [logger:__console] [INFO]- <tmp.eg.page_sku.XbuPage object at 0x0333BDD0>é¡µé¢ä¸­æœªèƒ½æ‰¾åˆ°å…ƒç´ ('xpath', '//*[@id="com.xiaobu121.xiaobu.xiaobu_android:id/tv_title" and @text()="å…è´¹è¯•å¬"]')[0m
[32m[2019-03-31 21:20:56,663] [logger.py:103] [logger:__console] [INFO]- <tmp.eg.page_sku.XbuPage object at 0x027D5050>é¡µé¢ä¸­æœªèƒ½æ‰¾åˆ°å…ƒç´ ('xpath', '//*[@id="com.xiaobu121.xiaobu.xiaobu_android:id/tv_title" and @text()="å…è´¹è¯•å¬"]')[0m
[32m[2019-03-31 21:21:02,088] [logger.py:103] [logger:__console] [INFO]- <tmp.eg.page_sku.XbuPage object at 0x027D5050>é¡µé¢ä¸­æœªèƒ½æ‰¾åˆ°å…ƒç´ ('xpath', '//*[@id="com.xiaobu121.xiaobu.xiaobu_android:id/tv_title" and @text()="å…è´¹è¯•å¬"]')[0m
[32m[2019-03-31 21:21:09,103] [logger.py:103] [logger:__console] [INFO]- <tmp.eg.page_sku.XbuPage object at 0x027D5050>é¡µé¢ä¸­æœªèƒ½æ‰¾åˆ°å…ƒç´ ('xpath', '//*[@id="com.xiaobu121.xiaobu.xiaobu_android:id/tv_title" and @text()="å…è´¹è¯•å¬"]')[0m
[32m[2019-03-31 21:21:14,582] [logger.py:103] [logger:__console] [INFO]- <tmp.eg.page_sku.XbuPage object at 0x027D5050>é¡µé¢ä¸­æœªèƒ½æ‰¾åˆ°å…ƒç´ ('xpath', '//*[@id="com.xiaobu121.xiaobu.xiaobu_android:id/tv_title" and @text()="å…è´¹è¯•å¬"]')[0m
[32m[2019-03-31 21:21:21,299] [logger.py:103] [logger:__console] [INFO]- <tmp.eg.page_sku.XbuPage object at 0x027D5050>é¡µé¢ä¸­æœªèƒ½æ‰¾åˆ°å…ƒç´ ('xpath', '//*[@id="com.xiaobu121.xiaobu.xiaobu_android:id/tv_title" and @text()="å…è´¹è¯•å¬"]')[0m
[32m[2019-03-31 21:21:26,824] [logger.py:103] [logger:__console] [INFO]- <tmp.eg.page_sku.XbuPage object at 0x027D5050>é¡µé¢ä¸­æœªèƒ½æ‰¾åˆ°å…ƒç´ ('xpath', '//*[@id="com.xiaobu121.xiaobu.xiaobu_android:id/tv_title" and @text()="å…è´¹è¯•å¬"]')[0m
[32m[2019-03-31 21:21:32,584] [logger.py:103] [logger:__console] [INFO]- <tmp.eg.page_sku.XbuPage object at 0x027D5050>é¡µé¢ä¸­æœªèƒ½æ‰¾åˆ°å…ƒç´ ('xpath', '//*[@id="com.xiaobu121.xiaobu.xiaobu_android:id/tv_title" and @text()="å…è´¹è¯•å¬"]')[0m
[32m[2019-03-31 21:21:38,025] [logger.py:103] [logger:__console] [INFO]- <tmp.eg.page_sku.XbuPage object at 0x027D5050>é¡µé¢ä¸­æœªèƒ½æ‰¾åˆ°å…ƒç´ ('xpath', '//*[@id="com.xiaobu121.xiaobu.xiaobu_android:id/tv_title" and @text()="å…è´¹è¯•å¬"]')[0m
[32m[2019-03-31 21:21:44,979] [logger.py:103] [logger:__console] [INFO]- <tmp.eg.page_sku.XbuPage object at 0x027D5050>é¡µé¢ä¸­æœªèƒ½æ‰¾åˆ°å…ƒç´ ('xpath', '//*[@id="com.xiaobu121.xiaobu.xiaobu_android:id/tv_title" and @text()="å…è´¹è¯•å¬"]')[0m
[32m[2019-03-31 21:21:50,753] [logger.py:103] [logger:__console] [INFO]- <tmp.eg.page_sku.XbuPage object at 0x027D5050>é¡µé¢ä¸­æœªèƒ½æ‰¾åˆ°å…ƒç´ ('xpath', '//*[@id="com.xiaobu121.xiaobu.xiaobu_android:id/tv_title" and @text()="å…è´¹è¯•å¬"]')[0m
[32m[2019-03-31 21:21:57,025] [logger.py:103] [logger:__console] [INFO]- <tmp.eg.page_sku.XbuPage object at 0x027D5050>é¡µé¢ä¸­æœªèƒ½æ‰¾åˆ°å…ƒç´ ('xpath', '//*[@id="com.xiaobu121.xiaobu.xiaobu_android:id/tv_title" and @text()="å…è´¹è¯•å¬"]')[0m
[32m[2019-03-31 21:22:03,566] [logger.py:103] [logger:__console] [INFO]- <tmp.eg.page_sku.XbuPage object at 0x027D5050>é¡µé¢ä¸­æœªèƒ½æ‰¾åˆ°å…ƒç´ ('xpath', '//*[@id="com.xiaobu121.xiaobu.xiaobu_android:id/tv_title" and @text()="å…è´¹è¯•å¬"]')[0m
[32m[2019-03-31 21:25:52,372] [logger.py:103] [logger:__console] [INFO]- <tmp.eg.page_sku.XbuPage object at 0x0332CDD0>é¡µé¢ä¸­æœªèƒ½æ‰¾åˆ°å…ƒç´ ('xpath', '//*[@id="com.xiaobu121.xiaobu.xiaobu_android:id/tv_title" and @index=2]')[0m
[32m[2019-03-31 21:26:00,722] [logger.py:103] [logger:__console] [INFO]- <tmp.eg.page_sku.XbuPage object at 0x0332CDD0>é¡µé¢ä¸­æœªèƒ½æ‰¾åˆ°å…ƒç´ ('xpath', '//*[@id="com.xiaobu121.xiaobu.xiaobu_android:id/tv_title" and @index=2]')[0m
[32m[2019-03-31 21:27:44,605] [logger.py:103] [logger:__console] [INFO]- <tmp.eg.page_sku.XbuPage object at 0x022354F0>é¡µé¢ä¸­æœªèƒ½æ‰¾åˆ°å…ƒç´ ('xpath', '//*[@id="com.xiaobu121.xiaobu.xiaobu_android:id/tv_title" and @index=2]')[0m
[32m[2019-03-31 21:48:36,487] [logger.py:103] [logger:__console] [INFO]- <tmp.eg.page_sku.XbuPage object at 0x0334BD90>é¡µé¢ä¸­æœªèƒ½æ‰¾åˆ°å…ƒç´ ('xpath', "//*[@text='å…è´¹è¯•å¬'")[0m
[32m[2019-03-31 21:49:57,588] [logger.py:103] [logger:__console] [INFO]- <tmp.eg.page_sku.XbuPage object at 0x006D5050>é¡µé¢ä¸­æœªèƒ½æ‰¾åˆ°å…ƒç´ ('xpath', "//*[@text='å…è´¹è¯•å¬'")[0m
[32m[2019-03-31 21:52:35,371] [logger.py:103] [logger:__console] [INFO]- <tmp.eg.page_sku.XbuPage object at 0x02295050>é¡µé¢ä¸­æœªèƒ½æ‰¾åˆ°å…ƒç´ ('xpath', "//*[@text='å…è´¹è¯•å¬'")[0m
[32m[2019-03-31 21:54:06,573] [logger.py:103] [logger:__console] [INFO]- <tmp.eg.page_sku.XbuPage object at 0x00595050>é¡µé¢ä¸­æœªèƒ½æ‰¾åˆ°å…ƒç´ ('xpath', "//*[@text='å…è´¹è¯•å¬'")[0m
[32m[2019-03-31 21:59:02,436] [logger.py:103] [logger:__console] [INFO]- <tmp.eg.page_sku.XbuPage object at 0x0336BDF0>é¡µé¢ä¸­æœªèƒ½æ‰¾åˆ°å…ƒç´ ('xpath', "//*[@text='åœ¨å®¶æ—©æ•™è£…å¤‡å‡çº§è¯¾'")[0m
[32m[2019-03-31 21:59:09,344] [logger.py:103] [logger:__console] [INFO]- <tmp.eg.page_sku.XbuPage object at 0x0336BDF0>é¡µé¢ä¸­æœªèƒ½æ‰¾åˆ°å…ƒç´ ('xpath', "//*[@text='åœ¨å®¶æ—©æ•™è£…å¤‡å‡çº§è¯¾'")[0m
[32m[2019-03-31 21:59:15,991] [logger.py:103] [logger:__console] [INFO]- <tmp.eg.page_sku.XbuPage object at 0x0336BDF0>é¡µé¢ä¸­æœªèƒ½æ‰¾åˆ°å…ƒç´ ('xpath', "//*[@text='åœ¨å®¶æ—©æ•™è£…å¤‡å‡çº§è¯¾'")[0m
[32m[2019-03-31 21:59:22,599] [logger.py:103] [logger:__console] [INFO]- <tmp.eg.page_sku.XbuPage object at 0x0336BDF0>é¡µé¢ä¸­æœªèƒ½æ‰¾åˆ°å…ƒç´ ('xpath', "//*[@text='åœ¨å®¶æ—©æ•™è£…å¤‡å‡çº§è¯¾'")[0m
[32m[2019-03-31 22:01:33,238] [logger.py:103] [logger:__console] [INFO]- <tmp.eg.page_sku.XbuPage object at 0x00605050>é¡µé¢ä¸­æœªèƒ½æ‰¾åˆ°å…ƒç´ ('xpath', "//*[@text='åœ¨å®¶æ—©æ•™è£…å¤‡å‡çº§è¯¾'")[0m
[32m[2019-03-31 22:01:39,880] [logger.py:103] [logger:__console] [INFO]- <tmp.eg.page_sku.XbuPage object at 0x00605050>é¡µé¢ä¸­æœªèƒ½æ‰¾åˆ°å…ƒç´ ('xpath', "//*[@text='åœ¨å®¶æ—©æ•™è£…å¤‡å‡çº§è¯¾'")[0m
[32m[2019-03-31 22:02:57,513] [logger.py:103] [logger:__console] [INFO]- <tmp.eg.page_sku.XbuPage object at 0x0333BDD0>é¡µé¢ä¸­æœªèƒ½æ‰¾åˆ°å…ƒç´ ('id', 'com.xiaobu121.xiaobu.xiaobu_android:id/tv_age_tag')[0m
[32m[2019-03-31 22:06:50,197] [logger.py:103] [logger:__console] [INFO]- <tmp.eg.page_sku.XbuPage object at 0x022854F0>é¡µé¢ä¸­æœªèƒ½æ‰¾åˆ°å…ƒç´ ('id', 'com.xiaobu121.xiaobu.xiaobu_android:id/tv_age_tag')[0m
[32m[2019-03-31 22:21:26,816] [logger.py:103] [logger:__console] [INFO]- <tmp.eg.page_sku.XbuPage object at 0x022D54F0>é¡µé¢ä¸­æœªèƒ½æ‰¾åˆ°å…ƒç´ ('id', 'com.xiaobu121.xiaobu.xiaobu_android:id/tv_age_tag')[0m
[32m[2019-03-31 22:22:35,287] [logger.py:103] [logger:__console] [INFO]- <tmp.eg.page_sku.XbuPage object at 0x00715050>é¡µé¢ä¸­æœªèƒ½æ‰¾åˆ°å…ƒç´ ('id', 'com.xiaobu121.xiaobu.xiaobu_android:id/tv_age_tag')[0m
[32m[2019-03-31 22:24:12,804] [logger.py:103] [logger:__console] [INFO]- <tmp.eg.page_sku.XbuPage object at 0x02235050>é¡µé¢ä¸­æœªèƒ½æ‰¾åˆ°å…ƒç´ ('id', 'com.xiaobu121.xiaobu.xiaobu_android:id/tv_age_tag')[0m
[32m[2019-03-31 22:33:44,968] [logger.py:103] [logger:__console] [INFO]- <tmp.eg.page_sku.XbuPage object at 0x005254F0>é¡µé¢ä¸­æœªèƒ½æ‰¾åˆ°å…ƒç´ ('id', 'com.xiaobu121.xiaobu.xiaobu_android:id/tv_age_tag')[0m
[32m[2019-03-31 22:33:56,902] [logger.py:103] [logger:__console] [INFO]- <tmp.eg.page_sku.XbuPage object at 0x005254F0>é¡µé¢ä¸­æœªèƒ½æ‰¾åˆ°å…ƒç´ ('id', 'com.xiaobu121.xiaobu.xiaobu_android:id/expandable_text')[0m
[32m[2019-03-31 22:34:04,999] [logger.py:103] [logger:__console] [INFO]- <tmp.eg.page_sku.XbuPage object at 0x005254F0>é¡µé¢ä¸­æœªèƒ½æ‰¾åˆ°å…ƒç´ ('id', 'com.xiaobu121.xiaobu.xiaobu_android:id/expandable_text')[0m
[32m[2019-03-31 22:35:33,950] [logger.py:103] [logger:__console] [INFO]- <tmp.eg.page_sku.XbuPage object at 0x03303510>é¡µé¢ä¸­æœªèƒ½æ‰¾åˆ°å…ƒç´ ('id', 'com.xiaobu121.xiaobu.xiaobu_android:id/tv_age_tag')[0m
[32m[2019-03-31 22:35:46,152] [logger.py:103] [logger:__console] [INFO]- <tmp.eg.page_sku.XbuPage object at 0x03303510>é¡µé¢ä¸­æœªèƒ½æ‰¾åˆ°å…ƒç´ ('id', 'com.xiaobu121.xiaobu.xiaobu_android:id/expandable_text')[0m
[32m[2019-03-31 22:35:53,554] [logger.py:103] [logger:__console] [INFO]- <tmp.eg.page_sku.XbuPage object at 0x03303510>é¡µé¢ä¸­æœªèƒ½æ‰¾åˆ°å…ƒç´ ('id', 'com.xiaobu121.xiaobu.xiaobu_android:id/expandable_text')[0m
[32m[2019-03-31 22:37:09,897] [logger.py:103] [logger:__console] [INFO]- <tmp.eg.page_sku.XbuPage object at 0x032D3530>é¡µé¢ä¸­æœªèƒ½æ‰¾åˆ°å…ƒç´ ('id', 'com.xiaobu121.xiaobu.xiaobu_android:id/tv_age_tag')[0m
[32m[2019-03-31 22:37:23,126] [logger.py:103] [logger:__console] [INFO]- <tmp.eg.page_sku.XbuPage object at 0x032D3530>é¡µé¢ä¸­æœªèƒ½æ‰¾åˆ°å…ƒç´ ('id', 'com.xiaobu121.xiaobu.xiaobu_android:id/expandable_text')[0m
[32m[2019-03-31 22:37:30,296] [logger.py:103] [logger:__console] [INFO]- <tmp.eg.page_sku.XbuPage object at 0x032D3530>é¡µé¢ä¸­æœªèƒ½æ‰¾åˆ°å…ƒç´ ('id', 'com.xiaobu121.xiaobu.xiaobu_android:id/expandable_text')[0m
[32m[2019-03-31 22:41:25,089] [logger.py:103] [logger:__console] [INFO]- <tmp.eg.page_sku.XbuPage object at 0x03343530>é¡µé¢ä¸­æœªèƒ½æ‰¾åˆ°å…ƒç´ ('id', 'com.xiaobu121.xiaobu.xiaobu_android:id/tv_age_tag')[0m
[32m[2019-03-31 22:41:38,029] [logger.py:103] [logger:__console] [INFO]- <tmp.eg.page_sku.XbuPage object at 0x03343530>é¡µé¢ä¸­æœªèƒ½æ‰¾åˆ°å…ƒç´ ('id', 'com.xiaobu121.xiaobu.xiaobu_android:id/expandable_text')[0m
[32m[2019-03-31 22:41:45,984] [logger.py:103] [logger:__console] [INFO]- <tmp.eg.page_sku.XbuPage object at 0x03343530>é¡µé¢ä¸­æœªèƒ½æ‰¾åˆ°å…ƒç´ ('id', 'com.xiaobu121.xiaobu.xiaobu_android:id/expandable_text')[0m
[32m[2019-03-31 22:42:36,897] [logger.py:103] [logger:__console] [INFO]- <tmp.eg.page_sku.XbuPage object at 0x033234F0>é¡µé¢ä¸­æœªèƒ½æ‰¾åˆ°å…ƒç´ ('id', 'com.xiaobu121.xiaobu.xiaobu_android:id/tv_age_tag')[0m
[32m[2019-03-31 22:42:48,220] [logger.py:103] [logger:__console] [INFO]- <tmp.eg.page_sku.XbuPage object at 0x033234F0>é¡µé¢ä¸­æœªèƒ½æ‰¾åˆ°å…ƒç´ ('id', 'com.xiaobu121.xiaobu.xiaobu_android:id/expandable_text')[0m
[32m[2019-03-31 22:42:55,347] [logger.py:103] [logger:__console] [INFO]- <tmp.eg.page_sku.XbuPage object at 0x033234F0>é¡µé¢ä¸­æœªèƒ½æ‰¾åˆ°å…ƒç´ ('id', 'com.xiaobu121.xiaobu.xiaobu_android:id/expandable_text')[0m
[32m[2019-03-31 22:44:54,795] [logger.py:103] [logger:__console] [INFO]- <tmp.eg.page_sku.XbuPage object at 0x032F34F0>é¡µé¢ä¸­æœªèƒ½æ‰¾åˆ°å…ƒç´ ('id', 'com.xiaobu121.xiaobu.xiaobu_android:id/tv_age_tag')[0m
[32m[2019-03-31 22:45:07,806] [logger.py:103] [logger:__console] [INFO]- <tmp.eg.page_sku.XbuPage object at 0x032F34F0>é¡µé¢ä¸­æœªèƒ½æ‰¾åˆ°å…ƒç´ ('id', 'com.xiaobu121.xiaobu.xiaobu_android:id/expandable_text')[0m
[32m[2019-03-31 22:45:16,035] [logger.py:103] [logger:__console] [INFO]- <tmp.eg.page_sku.XbuPage object at 0x032F34F0>é¡µé¢ä¸­æœªèƒ½æ‰¾åˆ°å…ƒç´ ('id', 'com.xiaobu121.xiaobu.xiaobu_android:id/expandable_text')[0m
[32m[2019-03-31 22:49:16,723] [logger.py:103] [logger:__console] [INFO]- <tmp.eg.page_sku.XbuPage object at 0x03303530>é¡µé¢ä¸­æœªèƒ½æ‰¾åˆ°å…ƒç´ ('id', 'com.xiaobu121.xiaobu.xiaobu_android:id/tv_age_tag')[0m
[32m[2019-03-31 22:49:27,925] [logger.py:103] [logger:__console] [INFO]- <tmp.eg.page_sku.XbuPage object at 0x03303530>é¡µé¢ä¸­æœªèƒ½æ‰¾åˆ°å…ƒç´ ('id', 'com.xiaobu121.xiaobu.xiaobu_android:id/expandable_text')[0m
[32m[2019-03-31 22:49:35,690] [logger.py:103] [logger:__console] [INFO]- <tmp.eg.page_sku.XbuPage object at 0x03303530>é¡µé¢ä¸­æœªèƒ½æ‰¾åˆ°å…ƒç´ ('id', 'com.xiaobu121.xiaobu.xiaobu_android:id/expandable_text')[0m
[32m[2019-03-31 22:50:20,578] [logger.py:103] [logger:__console] [INFO]- <tmp.eg.page_sku.XbuPage object at 0x03313510>é¡µé¢ä¸­æœªèƒ½æ‰¾åˆ°å…ƒç´ ('id', 'com.xiaobu121.xiaobu.xiaobu_android:id/tv_age_tag')[0m
[32m[2019-03-31 22:50:31,833] [logger.py:103] [logger:__console] [INFO]- <tmp.eg.page_sku.XbuPage object at 0x03313510>é¡µé¢ä¸­æœªèƒ½æ‰¾åˆ°å…ƒç´ ('id', 'com.xiaobu121.xiaobu.xiaobu_android:id/expandable_text')[0m
[32m[2019-03-31 22:50:38,848] [logger.py:103] [logger:__console] [INFO]- <tmp.eg.page_sku.XbuPage object at 0x03313510>é¡µé¢ä¸­æœªèƒ½æ‰¾åˆ°å…ƒç´ ('id', 'com.xiaobu121.xiaobu.xiaobu_android:id/expandable_text')[0m
[32m[2019-03-31 22:52:21,052] [logger.py:103] [logger:__console] [INFO]- <tmp.eg.page_sku.XbuPage object at 0x03383570>é¡µé¢ä¸­æœªèƒ½æ‰¾åˆ°å…ƒç´ ('id', 'com.xiaobu121.xiaobu.xiaobu_android:id/tv_age_tag')[0m
[32m[2019-03-31 22:52:32,464] [logger.py:103] [logger:__console] [INFO]- <tmp.eg.page_sku.XbuPage object at 0x03383570>é¡µé¢ä¸­æœªèƒ½æ‰¾åˆ°å…ƒç´ ('id', 'com.xiaobu121.xiaobu.xiaobu_android:id/expandable_text')[0m
[32m[2019-03-31 22:52:40,215] [logger.py:103] [logger:__console] [INFO]- <tmp.eg.page_sku.XbuPage object at 0x03383570>é¡µé¢ä¸­æœªèƒ½æ‰¾åˆ°å…ƒç´ ('id', 'com.xiaobu121.xiaobu.xiaobu_android:id/expandable_text')[0m
[32m[2019-03-31 22:53:25,432] [logger.py:103] [logger:__console] [INFO]- <tmp.eg.page_sku.XbuPage object at 0x03313550>é¡µé¢ä¸­æœªèƒ½æ‰¾åˆ°å…ƒç´ ('id', 'com.xiaobu121.xiaobu.xiaobu_android:id/tv_age_tag')[0m
[32m[2019-03-31 22:53:36,886] [logger.py:103] [logger:__console] [INFO]- <tmp.eg.page_sku.XbuPage object at 0x03313550>é¡µé¢ä¸­æœªèƒ½æ‰¾åˆ°å…ƒç´ ('id', 'com.xiaobu121.xiaobu.xiaobu_android:id/expandable_text')[0m
[32m[2019-03-31 22:53:44,727] [logger.py:103] [logger:__console] [INFO]- <tmp.eg.page_sku.XbuPage object at 0x03313550>é¡µé¢ä¸­æœªèƒ½æ‰¾åˆ°å…ƒç´ ('id', 'com.xiaobu121.xiaobu.xiaobu_android:id/expandable_text')[0m
[32m[2019-03-31 22:56:06,251] [logger.py:103] [logger:__console] [INFO]- <tmp.eg.page_sku.XbuPage object at 0x033035B0>é¡µé¢ä¸­æœªèƒ½æ‰¾åˆ°å…ƒç´ ('id', 'com.xiaobu121.xiaobu.xiaobu_android:id/tv_age_tag')[0m
[32m[2019-03-31 22:56:17,761] [logger.py:103] [logger:__console] [INFO]- <tmp.eg.page_sku.XbuPage object at 0x033035B0>é¡µé¢ä¸­æœªèƒ½æ‰¾åˆ°å…ƒç´ ('id', 'com.xiaobu121.xiaobu.xiaobu_android:id/expandable_text')[0m
[32m[2019-03-31 22:56:25,606] [logger.py:103] [logger:__console] [INFO]- <tmp.eg.page_sku.XbuPage object at 0x033035B0>é¡µé¢ä¸­æœªèƒ½æ‰¾åˆ°å…ƒç´ ('id', 'com.xiaobu121.xiaobu.xiaobu_android:id/expandable_text')[0m
[32m[2019-03-31 22:57:06,465] [logger.py:103] [logger:__console] [INFO]- <tmp.eg.page_sku.XbuPage object at 0x03323570>é¡µé¢ä¸­æœªèƒ½æ‰¾åˆ°å…ƒç´ ('id', 'com.xiaobu121.xiaobu.xiaobu_android:id/tv_age_tag')[0m
[32m[2019-03-31 22:57:18,854] [logger.py:103] [logger:__console] [INFO]- <tmp.eg.page_sku.XbuPage object at 0x03323570>é¡µé¢ä¸­æœªèƒ½æ‰¾åˆ°å…ƒç´ ('id', 'com.xiaobu121.xiaobu.xiaobu_android:id/expandable_text')[0m
[32m[2019-03-31 22:57:26,175] [logger.py:103] [logger:__console] [INFO]- <tmp.eg.page_sku.XbuPage object at 0x03323570>é¡µé¢ä¸­æœªèƒ½æ‰¾åˆ°å…ƒç´ ('id', 'com.xiaobu121.xiaobu.xiaobu_android:id/expandable_text')[0m
[32m[2019-03-31 22:58:56,715] [logger.py:103] [logger:__console] [INFO]- <tmp.eg.page_sku.XbuPage object at 0x033034D0>é¡µé¢ä¸­æœªèƒ½æ‰¾åˆ°å…ƒç´ ('id', 'com.xiaobu121.xiaobu.xiaobu_android:id/tv_age_tag')[0m
[32m[2019-03-31 22:59:09,685] [logger.py:103] [logger:__console] [INFO]- <tmp.eg.page_sku.XbuPage object at 0x033034D0>é¡µé¢ä¸­æœªèƒ½æ‰¾åˆ°å…ƒç´ ('id', 'com.xiaobu121.xiaobu.xiaobu_android:id/expandable_text')[0m
[32m[2019-03-31 22:59:17,675] [logger.py:103] [logger:__console] [INFO]- <tmp.eg.page_sku.XbuPage object at 0x033034D0>é¡µé¢ä¸­æœªèƒ½æ‰¾åˆ°å…ƒç´ ('id', 'com.xiaobu121.xiaobu.xiaobu_android:id/expandable_text')[0m
[32m[2019-03-31 23:00:16,947] [logger.py:103] [logger:__console] [INFO]- <tmp.eg.page_sku.XbuPage object at 0x033034F0>é¡µé¢ä¸­æœªèƒ½æ‰¾åˆ°å…ƒç´ ('id', 'com.xiaobu121.xiaobu.xiaobu_android:id/tv_age_tag')[0m
[32m[2019-03-31 23:00:29,203] [logger.py:103] [logger:__console] [INFO]- <tmp.eg.page_sku.XbuPage object at 0x033034F0>é¡µé¢ä¸­æœªèƒ½æ‰¾åˆ°å…ƒç´ ('id', 'com.xiaobu121.xiaobu.xiaobu_android:id/expandable_text')[0m
[32m[2019-03-31 23:00:35,715] [logger.py:103] [logger:__console] [INFO]- <tmp.eg.page_sku.XbuPage object at 0x033034F0>é¡µé¢ä¸­æœªèƒ½æ‰¾åˆ°å…ƒç´ ('id', 'com.xiaobu121.xiaobu.xiaobu_android:id/expandable_text')[0m
[32m[2019-03-31 23:00:45,438] [logger.py:103] [logger:__console] [INFO]- <tmp.eg.page_sku.XbuPage object at 0x033034F0>é¡µé¢ä¸­æœªèƒ½æ‰¾åˆ°å…ƒç´ ('id', 'com.xiaobu121.xiaobu.xiaobu_android:id/expandable_text')[0m
[32m[2019-03-31 23:06:37,983] [logger.py:103] [logger:__console] [INFO]- <tmp.eg.page_sku.XbuPage object at 0x032D2210>é¡µé¢ä¸­æœªèƒ½æ‰¾åˆ°å…ƒç´ ('id', 'com.xiaobu121.xiaobu.xiaobu_android:id/tv_age_tag')[0m
[32m[2019-03-31 23:06:49,830] [logger.py:103] [logger:__console] [INFO]- <tmp.eg.page_sku.XbuPage object at 0x032D2210>é¡µé¢ä¸­æœªèƒ½æ‰¾åˆ°å…ƒç´ ('id', 'com.xiaobu121.xiaobu.xiaobu_android:id/expandable_text')[0m
[32m[2019-03-31 23:06:56,969] [logger.py:103] [logger:__console] [INFO]- <tmp.eg.page_sku.XbuPage object at 0x032D2210>é¡µé¢ä¸­æœªèƒ½æ‰¾åˆ°å…ƒç´ ('id', 'com.xiaobu121.xiaobu.xiaobu_android:id/expandable_text')[0m
[32m[2019-03-31 23:07:06,895] [logger.py:103] [logger:__console] [INFO]- <tmp.eg.page_sku.XbuPage object at 0x032D2210>é¡µé¢ä¸­æœªèƒ½æ‰¾åˆ°å…ƒç´ ('id', 'com.xiaobu121.xiaobu.xiaobu_android:id/expandable_text')[0m
[32m[2019-03-31 23:07:23,049] [logger.py:103] [logger:__console] [INFO]- <tmp.eg.page_sku.XbuPage object at 0x032D2210>é¡µé¢ä¸­æœªèƒ½æ‰¾åˆ°å…ƒç´ ('id', 'com.xiaobu121.xiaobu.xiaobu_android:id/expandable_text')[0m
[32m[2019-03-31 23:07:33,075] [logger.py:103] [logger:__console] [INFO]- <tmp.eg.page_sku.XbuPage object at 0x032D2210>é¡µé¢ä¸­æœªèƒ½æ‰¾åˆ°å…ƒç´ ('id', 'com.xiaobu121.xiaobu.xiaobu_android:id/expandable_text')[0m
[32m[2019-03-31 23:08:00,892] [logger.py:103] [logger:__console] [INFO]- <tmp.eg.page_sku.XbuPage object at 0x032D2210>é¡µé¢ä¸­æœªèƒ½æ‰¾åˆ°å…ƒç´ ('id', 'com.xiaobu121.xiaobu.xiaobu_android:id/expandable_text')[0m
[32m[2019-03-31 23:09:42,651] [logger.py:103] [logger:__console] [INFO]- <tmp.eg.page_sku.XbuPage object at 0x03342210>é¡µé¢ä¸­æœªèƒ½æ‰¾åˆ°å…ƒç´ ('id', 'com.xiaobu121.xiaobu.xiaobu_android:id/tv_age_tag')[0m
[32m[2019-03-31 23:09:56,114] [logger.py:103] [logger:__console] [INFO]- <tmp.eg.page_sku.XbuPage object at 0x03342210>é¡µé¢ä¸­æœªèƒ½æ‰¾åˆ°å…ƒç´ ('id', 'com.xiaobu121.xiaobu.xiaobu_android:id/expandable_text')[0m
[32m[2019-03-31 23:10:03,432] [logger.py:103] [logger:__console] [INFO]- <tmp.eg.page_sku.XbuPage object at 0x03342210>é¡µé¢ä¸­æœªèƒ½æ‰¾åˆ°å…ƒç´ ('id', 'com.xiaobu121.xiaobu.xiaobu_android:id/expandable_text')[0m
[32m[2019-03-31 23:10:12,430] [logger.py:103] [logger:__console] [INFO]- <tmp.eg.page_sku.XbuPage object at 0x03342210>é¡µé¢ä¸­æœªèƒ½æ‰¾åˆ°å…ƒç´ ('id', 'com.xiaobu121.xiaobu.xiaobu_android:id/expandable_text')[0m
[32m[2019-03-31 23:11:12,124] [logger.py:103] [logger:__console] [INFO]- <tmp.eg.page_sku.XbuPage object at 0x03342210>é¡µé¢ä¸­æœªèƒ½æ‰¾åˆ°å…ƒç´ ('id', 'com.xiaobu121.xiaobu.xiaobu_android:id/expandable_text')[0m
[32m[2019-03-31 23:11:37,304] [logger.py:103] [logger:__console] [INFO]- <tmp.eg.page_sku.XbuPage object at 0x03342210>é¡µé¢ä¸­æœªèƒ½æ‰¾åˆ°å…ƒç´ ('id', 'com.xiaobu121.xiaobu.xiaobu_android:id/expandable_text')[0m
[32m[2019-03-31 23:11:46,174] [logger.py:103] [logger:__console] [INFO]- <tmp.eg.page_sku.XbuPage object at 0x03342210>é¡µé¢ä¸­æœªèƒ½æ‰¾åˆ°å…ƒç´ ('id', 'com.xiaobu121.xiaobu.xiaobu_android:id/expandable_text')[0m
[32m[2019-03-31 23:12:14,474] [logger.py:103] [logger:__console] [INFO]- <tmp.eg.page_sku.XbuPage object at 0x03342210>é¡µé¢ä¸­æœªèƒ½æ‰¾åˆ°å…ƒç´ ('id', 'com.xiaobu121.xiaobu.xiaobu_android:id/expandable_text')[0m
[32m[2019-03-31 23:14:19,706] [logger.py:103] [logger:__console] [INFO]- <tmp.eg.page_sku.XbuPage object at 0x03302210>é¡µé¢ä¸­æœªèƒ½æ‰¾åˆ°å…ƒç´ ('id', 'com.xiaobu121.xiaobu.xiaobu_android:id/tv_age_tag')[0m
[32m[2019-03-31 23:14:32,608] [logger.py:103] [logger:__console] [INFO]- <tmp.eg.page_sku.XbuPage object at 0x03302210>é¡µé¢ä¸­æœªèƒ½æ‰¾åˆ°å…ƒç´ ('id', 'com.xiaobu121.xiaobu.xiaobu_android:id/expandable_text')[0m
[32m[2019-03-31 23:14:39,774] [logger.py:103] [logger:__console] [INFO]- <tmp.eg.page_sku.XbuPage object at 0x03302210>é¡µé¢ä¸­æœªèƒ½æ‰¾åˆ°å…ƒç´ ('id', 'com.xiaobu121.xiaobu.xiaobu_android:id/expandable_text')[0m
[32m[2019-03-31 23:15:00,922] [logger.py:103] [logger:__console] [INFO]- <tmp.eg.page_sku.XbuPage object at 0x03302210>é¡µé¢ä¸­æœªèƒ½æ‰¾åˆ°å…ƒç´ ('id', 'com.xiaobu121.xiaobu.xiaobu_android:id/expandable_text')[0m
[32m[2019-03-31 23:15:10,810] [logger.py:103] [logger:__console] [INFO]- <tmp.eg.page_sku.XbuPage object at 0x03302210>é¡µé¢ä¸­æœªèƒ½æ‰¾åˆ°å…ƒç´ ('id', 'com.xiaobu121.xiaobu.xiaobu_android:id/expandable_text')[0m
[32m[2019-03-31 23:16:02,811] [logger.py:103] [logger:__console] [INFO]- <tmp.eg.page_sku.XbuPage object at 0x03302210>é¡µé¢ä¸­æœªèƒ½æ‰¾åˆ°å…ƒç´ ('id', 'com.xiaobu121.xiaobu.xiaobu_android:id/expandable_text')[0m
[32m[2019-03-31 23:16:26,664] [logger.py:103] [logger:__console] [INFO]- <tmp.eg.page_sku.XbuPage object at 0x03302210>é¡µé¢ä¸­æœªèƒ½æ‰¾åˆ°å…ƒç´ ('id', 'com.xiaobu121.xiaobu.xiaobu_android:id/expandable_text')[0m
[32m[2019-03-31 23:17:56,981] [logger.py:103] [logger:__console] [INFO]- <tmp.eg.page_sku.XbuPage object at 0x032F21D0>é¡µé¢ä¸­æœªèƒ½æ‰¾åˆ°å…ƒç´ ('id', 'com.xiaobu121.xiaobu.xiaobu_android:id/tv_age_tag')[0m
[32m[2019-03-31 23:18:09,632] [logger.py:103] [logger:__console] [INFO]- <tmp.eg.page_sku.XbuPage object at 0x032F21D0>é¡µé¢ä¸­æœªèƒ½æ‰¾åˆ°å…ƒç´ ('id', 'com.xiaobu121.xiaobu.xiaobu_android:id/expandable_text')[0m
[32m[2019-03-31 23:18:16,815] [logger.py:103] [logger:__console] [INFO]- <tmp.eg.page_sku.XbuPage object at 0x032F21D0>é¡µé¢ä¸­æœªèƒ½æ‰¾åˆ°å…ƒç´ ('id', 'com.xiaobu121.xiaobu.xiaobu_android:id/expandable_text')[0m
[32m[2019-03-31 23:19:23,559] [logger.py:103] [logger:__console] [INFO]- <tmp.eg.page_sku.XbuPage object at 0x03312210>é¡µé¢ä¸­æœªèƒ½æ‰¾åˆ°å…ƒç´ ('id', 'com.xiaobu121.xiaobu.xiaobu_android:id/tv_age_tag')[0m
[32m[2019-03-31 23:19:34,833] [logger.py:103] [logger:__console] [INFO]- <tmp.eg.page_sku.XbuPage object at 0x03312210>é¡µé¢ä¸­æœªèƒ½æ‰¾åˆ°å…ƒç´ ('id', 'com.xiaobu121.xiaobu.xiaobu_android:id/expandable_text')[0m
[32m[2019-03-31 23:19:42,653] [logger.py:103] [logger:__console] [INFO]- <tmp.eg.page_sku.XbuPage object at 0x03312210>é¡µé¢ä¸­æœªèƒ½æ‰¾åˆ°å…ƒç´ ('id', 'com.xiaobu121.xiaobu.xiaobu_android:id/expandable_text')[0m
[32m[2019-03-31 23:20:40,194] [logger.py:103] [logger:__console] [INFO]- <tmp.eg.page_sku.XbuPage object at 0x03302210>é¡µé¢ä¸­æœªèƒ½æ‰¾åˆ°å…ƒç´ ('id', 'com.xiaobu121.xiaobu.xiaobu_android:id/tv_age_tag')[0m
[32m[2019-03-31 23:20:53,243] [logger.py:103] [logger:__console] [INFO]- <tmp.eg.page_sku.XbuPage object at 0x03302210>é¡µé¢ä¸­æœªèƒ½æ‰¾åˆ°å…ƒç´ ('id', 'com.xiaobu121.xiaobu.xiaobu_android:id/expandable_text')[0m
[32m[2019-03-31 23:21:00,185] [logger.py:103] [logger:__console] [INFO]- <tmp.eg.page_sku.XbuPage object at 0x03302210>é¡µé¢ä¸­æœªèƒ½æ‰¾åˆ°å…ƒç´ ('id', 'com.xiaobu121.xiaobu.xiaobu_android:id/expandable_text')[0m
[32m[2019-03-31 23:21:20,176] [logger.py:103] [logger:__console] [INFO]- <tmp.eg.page_sku.XbuPage object at 0x03302210>é¡µé¢ä¸­æœªèƒ½æ‰¾åˆ°å…ƒç´ ('id', 'com.xiaobu121.xiaobu.xiaobu_android:id/expandable_text')[0m
[32m[2019-03-31 23:21:29,270] [logger.py:103] [logger:__console] [INFO]- <tmp.eg.page_sku.XbuPage object at 0x03302210>é¡µé¢ä¸­æœªèƒ½æ‰¾åˆ°å…ƒç´ ('id', 'com.xiaobu121.xiaobu.xiaobu_android:id/expandable_text')[0m
[32m[2019-03-31 23:23:26,441] [logger.py:103] [logger:__console] [INFO]- <tmp.eg.page_sku.XbuPage object at 0x032D2210>é¡µé¢ä¸­æœªèƒ½æ‰¾åˆ°å…ƒç´ ('id', 'com.xiaobu121.xiaobu.xiaobu_android:id/tv_age_tag')[0m
[32m[2019-03-31 23:23:37,621] [logger.py:103] [logger:__console] [INFO]- <tmp.eg.page_sku.XbuPage object at 0x032D2210>é¡µé¢ä¸­æœªèƒ½æ‰¾åˆ°å…ƒç´ ('id', 'com.xiaobu121.xiaobu.xiaobu_android:id/expandable_text')[0m
[32m[2019-03-31 23:23:45,632] [logger.py:103] [logger:__console] [INFO]- <tmp.eg.page_sku.XbuPage object at 0x032D2210>é¡µé¢ä¸­æœªèƒ½æ‰¾åˆ°å…ƒç´ ('id', 'com.xiaobu121.xiaobu.xiaobu_android:id/expandable_text')[0m
[32m[2019-03-31 23:23:58,533] [logger.py:103] [logger:__console] [INFO]- <tmp.eg.page_sku.XbuPage object at 0x032D2210>é¡µé¢ä¸­æœªèƒ½æ‰¾åˆ°å…ƒç´ ('id', 'com.xiaobu121.xiaobu.xiaobu_android:id/expandable_text')[0m
[32m[2019-03-31 23:24:35,822] [logger.py:103] [logger:__console] [INFO]- <tmp.eg.page_sku.XbuPage object at 0x032D2210>é¡µé¢ä¸­æœªèƒ½æ‰¾åˆ°å…ƒç´ ('id', 'com.xiaobu121.xiaobu.xiaobu_android:id/expandable_text')[0m
[32m[2019-03-31 23:24:46,599] [logger.py:103] [logger:__console] [INFO]- <tmp.eg.page_sku.XbuPage object at 0x032D2210>é¡µé¢ä¸­æœªèƒ½æ‰¾åˆ°å…ƒç´ ('id', 'com.xiaobu121.xiaobu.xiaobu_android:id/expandable_text')[0m
[32m[2019-03-31 23:25:01,623] [logger.py:103] [logger:__console] [INFO]- <tmp.eg.page_sku.XbuPage object at 0x032D2210>é¡µé¢ä¸­æœªèƒ½æ‰¾åˆ°å…ƒç´ ('id', 'com.xiaobu121.xiaobu.xiaobu_android:id/expandable_text')[0m
[32m[2019-03-31 23:25:16,589] [logger.py:103] [logger:__console] [INFO]- <tmp.eg.page_sku.XbuPage object at 0x032D2210>é¡µé¢ä¸­æœªèƒ½æ‰¾åˆ°å…ƒç´ ('id', 'com.xiaobu121.xiaobu.xiaobu_android:id/expandable_text')[0m
[32m[2019-03-31 23:25:25,659] [logger.py:103] [logger:__console] [INFO]- <tmp.eg.page_sku.XbuPage object at 0x032D2210>é¡µé¢ä¸­æœªèƒ½æ‰¾åˆ°å…ƒç´ ('id', 'com.xiaobu121.xiaobu.xiaobu_android:id/expandable_text')[0m
[32m[2019-03-31 23:26:23,744] [logger.py:103] [logger:__console] [INFO]- <tmp.eg.page_sku.XbuPage object at 0x032921F0>é¡µé¢ä¸­æœªèƒ½æ‰¾åˆ°å…ƒç´ ('id', 'com.xiaobu121.xiaobu.xiaobu_android:id/tv_age_tag')[0m
[32m[2019-03-31 23:26:35,992] [logger.py:103] [logger:__console] [INFO]- <tmp.eg.page_sku.XbuPage object at 0x032921F0>é¡µé¢ä¸­æœªèƒ½æ‰¾åˆ°å…ƒç´ ('id', 'com.xiaobu121.xiaobu.xiaobu_android:id/expandable_text')[0m
[32m[2019-03-31 23:26:43,069] [logger.py:103] [logger:__console] [INFO]- <tmp.eg.page_sku.XbuPage object at 0x032921F0>é¡µé¢ä¸­æœªèƒ½æ‰¾åˆ°å…ƒç´ ('id', 'com.xiaobu121.xiaobu.xiaobu_android:id/expandable_text')[0m
[32m[2019-03-31 23:27:30,888] [logger.py:103] [logger:__console] [INFO]- <tmp.eg.page_sku.XbuPage object at 0x032921F0>é¡µé¢ä¸­æœªèƒ½æ‰¾åˆ°å…ƒç´ ('id', 'com.xiaobu121.xiaobu.xiaobu_android:id/expandable_text')[0m
[32m[2019-03-31 23:27:59,975] [logger.py:103] [logger:__console] [INFO]- <tmp.eg.page_sku.XbuPage object at 0x032921F0>é¡µé¢ä¸­æœªèƒ½æ‰¾åˆ°å…ƒç´ ('id', 'com.xiaobu121.xiaobu.xiaobu_android:id/expandable_text')[0m
[32m[2019-03-31 23:29:06,943] [logger.py:103] [logger:__console] [INFO]- <tmp.eg.page_sku.XbuPage object at 0x033321D0>é¡µé¢ä¸­æœªèƒ½æ‰¾åˆ°å…ƒç´ ('id', 'com.xiaobu121.xiaobu.xiaobu_android:id/tv_age_tag')[0m
[32m[2019-03-31 23:29:18,758] [logger.py:103] [logger:__console] [INFO]- <tmp.eg.page_sku.XbuPage object at 0x033321D0>é¡µé¢ä¸­æœªèƒ½æ‰¾åˆ°å…ƒç´ ('id', 'com.xiaobu121.xiaobu.xiaobu_android:id/expandable_text')[0m
[32m[2019-03-31 23:29:26,064] [logger.py:103] [logger:__console] [INFO]- <tmp.eg.page_sku.XbuPage object at 0x033321D0>é¡µé¢ä¸­æœªèƒ½æ‰¾åˆ°å…ƒç´ ('id', 'com.xiaobu121.xiaobu.xiaobu_android:id/expandable_text')[0m
[32m[2019-03-31 23:33:22,858] [logger.py:103] [logger:__console] [INFO]- <tmp.eg.page_sku.XbuPage object at 0x032F2210>é¡µé¢ä¸­æœªèƒ½æ‰¾åˆ°å…ƒç´ ('id', 'com.xiaobu121.xiaobu.xiaobu_android:id/tv_age_tag')[0m
[32m[2019-03-31 23:33:34,033] [logger.py:103] [logger:__console] [INFO]- <tmp.eg.page_sku.XbuPage object at 0x032F2210>é¡µé¢ä¸­æœªèƒ½æ‰¾åˆ°å…ƒç´ ('id', 'com.xiaobu121.xiaobu.xiaobu_android:id/expandable_text')[0m
[32m[2019-03-31 23:33:41,951] [logger.py:103] [logger:__console] [INFO]- <tmp.eg.page_sku.XbuPage object at 0x032F2210>é¡µé¢ä¸­æœªèƒ½æ‰¾åˆ°å…ƒç´ ('id', 'com.xiaobu121.xiaobu.xiaobu_android:id/expandable_text')[0m
[32m[2019-03-31 23:33:50,977] [logger.py:103] [logger:__console] [INFO]- <tmp.eg.page_sku.XbuPage object at 0x032F2210>é¡µé¢ä¸­æœªèƒ½æ‰¾åˆ°å…ƒç´ ('id', 'com.xiaobu121.xiaobu.xiaobu_android:id/expandable_text')[0m
[32m[2019-03-31 23:34:04,121] [logger.py:103] [logger:__console] [INFO]- <tmp.eg.page_sku.XbuPage object at 0x032F2210>é¡µé¢ä¸­æœªèƒ½æ‰¾åˆ°å…ƒç´ ('id', 'com.xiaobu121.xiaobu.xiaobu_android:id/expandable_text')[0m
[32m[2019-03-31 23:34:36,028] [logger.py:103] [logger:__console] [INFO]- <tmp.eg.page_sku.XbuPage object at 0x032F2210>é¡µé¢ä¸­æœªèƒ½æ‰¾åˆ°å…ƒç´ ('id', 'com.xiaobu121.xiaobu.xiaobu_android:id/expandable_text')[0m
[32m[2019-03-31 23:35:06,041] [logger.py:103] [logger:__console] [INFO]- <tmp.eg.page_sku.XbuPage object at 0x032F2210>é¡µé¢ä¸­æœªèƒ½æ‰¾åˆ°å…ƒç´ ('id', 'com.xiaobu121.xiaobu.xiaobu_android:id/expandable_text')[0m
[32m[2019-03-31 23:35:38,051] [logger.py:103] [logger:__console] [INFO]- <tmp.eg.page_sku.XbuPage object at 0x032F2210>é¡µé¢ä¸­æœªèƒ½æ‰¾åˆ°å…ƒç´ ('id', 'com.xiaobu121.xiaobu.xiaobu_android:id/expandable_text')[0m
[32m[2019-03-31 23:35:47,983] [logger.py:103] [logger:__console] [INFO]- <tmp.eg.page_sku.XbuPage object at 0x032F2210>é¡µé¢ä¸­æœªèƒ½æ‰¾åˆ°å…ƒç´ ('id', 'com.xiaobu121.xiaobu.xiaobu_android:id/expandable_text')[0m
[32m[2019-03-31 23:36:39,866] [logger.py:103] [logger:__console] [INFO]- <tmp.eg.page_sku.XbuPage object at 0x032D2030>é¡µé¢ä¸­æœªèƒ½æ‰¾åˆ°å…ƒç´ ('id', 'com.xiaobu121.xiaobu.xiaobu_android:id/tv_age_tag')[0m
[32m[2019-03-31 23:36:54,014] [logger.py:103] [logger:__console] [INFO]- <tmp.eg.page_sku.XbuPage object at 0x032D2030>é¡µé¢ä¸­æœªèƒ½æ‰¾åˆ°å…ƒç´ ('id', 'com.xiaobu121.xiaobu.xiaobu_android:id/expandable_text')[0m
[32m[2019-03-31 23:37:01,485] [logger.py:103] [logger:__console] [INFO]- <tmp.eg.page_sku.XbuPage object at 0x032D2030>é¡µé¢ä¸­æœªèƒ½æ‰¾åˆ°å…ƒç´ ('id', 'com.xiaobu121.xiaobu.xiaobu_android:id/expandable_text')[0m
[32m[2019-03-31 23:37:14,518] [logger.py:103] [logger:__console] [INFO]- <tmp.eg.page_sku.XbuPage object at 0x032D2030>é¡µé¢ä¸­æœªèƒ½æ‰¾åˆ°å…ƒç´ ('id', 'com.xiaobu121.xiaobu.xiaobu_android:id/expandable_text')[0m
[32m[2019-03-31 23:37:26,323] [logger.py:103] [logger:__console] [INFO]- <tmp.eg.page_sku.XbuPage object at 0x032D2030>é¡µé¢ä¸­æœªèƒ½æ‰¾åˆ°å…ƒç´ ('id', 'com.xiaobu121.xiaobu.xiaobu_android:id/expandable_text')[0m
[32m[2019-03-31 23:37:38,143] [logger.py:103] [logger:__console] [INFO]- <tmp.eg.page_sku.XbuPage object at 0x032D2030>é¡µé¢ä¸­æœªèƒ½æ‰¾åˆ°å…ƒç´ ('id', 'com.xiaobu121.xiaobu.xiaobu_android:id/expandable_text')[0m
[32m[2019-03-31 23:38:05,479] [logger.py:103] [logger:__console] [INFO]- <tmp.eg.page_sku.XbuPage object at 0x032D2030>é¡µé¢ä¸­æœªèƒ½æ‰¾åˆ°å…ƒç´ ('id', 'com.xiaobu121.xiaobu.xiaobu_android:id/expandable_text')[0m
[32m[2019-03-31 23:38:45,410] [logger.py:103] [logger:__console] [INFO]- <tmp.eg.page_sku.XbuPage object at 0x032D2030>é¡µé¢ä¸­æœªèƒ½æ‰¾åˆ°å…ƒç´ ('id', 'com.xiaobu121.xiaobu.xiaobu_android:id/expandable_text')[0m
[32m[2019-03-31 23:39:00,221] [logger.py:103] [logger:__console] [INFO]- <tmp.eg.page_sku.XbuPage object at 0x032D2030>é¡µé¢ä¸­æœªèƒ½æ‰¾åˆ°å…ƒç´ ('id', 'com.xiaobu121.xiaobu.xiaobu_android:id/expandable_text')[0m
[32m[2019-03-31 23:39:09,321] [logger.py:103] [logger:__console] [INFO]- <tmp.eg.page_sku.XbuPage object at 0x032D2030>é¡µé¢ä¸­æœªèƒ½æ‰¾åˆ°å…ƒç´ ('id', 'com.xiaobu121.xiaobu.xiaobu_android:id/expandable_text')[0m
[32m[2019-03-31 23:39:34,214] [logger.py:103] [logger:__console] [INFO]- <tmp.eg.page_sku.XbuPage object at 0x032D2030>é¡µé¢ä¸­æœªèƒ½æ‰¾åˆ°å…ƒç´ ('id', 'com.xiaobu121.xiaobu.xiaobu_android:id/expandable_text')[0m
[32m[2019-03-31 23:42:12,718] [logger.py:103] [logger:__console] [INFO]- <tmp.eg.page_sku.XbuPage object at 0x032F2030>é¡µé¢ä¸­æœªèƒ½æ‰¾åˆ°å…ƒç´ ('id', 'com.xiaobu121.xiaobu.xiaobu_android:id/tv_age_tag')[0m
[32m[2019-03-31 23:42:25,400] [logger.py:103] [logger:__console] [INFO]- <tmp.eg.page_sku.XbuPage object at 0x032F2030>é¡µé¢ä¸­æœªèƒ½æ‰¾åˆ°å…ƒç´ ('id', 'com.xiaobu121.xiaobu.xiaobu_android:id/expandable_text')[0m
[32m[2019-03-31 23:42:33,701] [logger.py:103] [logger:__console] [INFO]- <tmp.eg.page_sku.XbuPage object at 0x032F2030>é¡µé¢ä¸­æœªèƒ½æ‰¾åˆ°å…ƒç´ ('id', 'com.xiaobu121.xiaobu.xiaobu_android:id/expandable_text')[0m
[32m[2019-03-31 23:42:45,457] [logger.py:103] [logger:__console] [INFO]- <tmp.eg.page_sku.XbuPage object at 0x032F2030>é¡µé¢ä¸­æœªèƒ½æ‰¾åˆ°å…ƒç´ ('id', 'com.xiaobu121.xiaobu.xiaobu_android:id/expandable_text')[0m
