[32m[2019-04-26 10:08:54,621] [logger.py:103] [logger:__console] [INFO]- æ­£åœ¨è¿›å…¥è¢«æµ‹å°ç¨‹åº...[0m
[32m[2019-04-26 10:09:00,684] [logger.py:103] [logger:__console] [INFO]- è¿›è¡Œè´­ä¹°æ ¸å¿ƒè¯¾æ“ä½œ...[0m
[32m[2019-04-26 10:09:07,700] [logger.py:103] [logger:__console] [INFO]- æ”¯ä»˜é‡‘é¢æ˜¯ï¼š0.01[0m
[32m[2019-04-26 10:09:22,195] [logger.py:103] [logger:__console] [INFO]- æ”¯ä»˜å®Œæˆï¼Œè¿›è¡Œé¢†å–æ ¸å¿ƒè¯¾æ“ä½œ...[0m
[32m[2019-04-26 10:09:35,299] [logger.py:103] [logger:__console] [INFO]- <page.page_zaojiao.Zaojiaopage object at 0x03967D70>é¡µé¢ä¸­æœªèƒ½æ‰¾åˆ°å…ƒç´ ('xpath', '//*[contains(@text, "æ”¶ä»¶äººï¼š")]')[0m
[32m[2019-04-26 10:09:35,300] [logger.py:103] [logger:__console] [INFO]- åœ°å€ä¿¡æ¯ä¸å­˜åœ¨ï¼Œè¿›è¡Œæ·»åŠ åœ°å€ä¿¡æ¯æ“ä½œ...[0m
[32m[2019-04-26 10:10:40,046] [logger.py:103] [logger:__console] [INFO]- æ·»åŠ æ”¶è´§åœ°å€å®Œæˆï¼[0m
[32m[2019-04-26 10:10:42,105] [logger.py:103] [logger:__console] [INFO]- é¢†å–è¯¾ç¨‹æˆåŠŸï¼[0m
[32m[2019-04-26 10:10:54,907] [logger.py:103] [logger:__console] [INFO]- æŸ¥çœ‹å†å²æ¨é€æˆåŠŸï¼[0m
[32m[2019-04-26 10:32:22,637] [logger.py:103] [logger:__console] [INFO]- æ­£åœ¨è¿›å…¥è¢«æµ‹å°ç¨‹åº...[0m
[32m[2019-04-26 10:32:27,934] [logger.py:103] [logger:__console] [INFO]- è¿›è¡Œè´­ä¹°æ ¸å¿ƒè¯¾æ“ä½œ...[0m
[32m[2019-04-26 10:32:41,322] [logger.py:103] [logger:__console] [INFO]- <page.page_zaojiao.Zaojiaopage object at 0x035FAA90>é¡µé¢ä¸­æœªèƒ½æ‰¾åˆ°å…ƒç´ ('id', 'com.tencent.mm:id/dhz')[0m
[32m[2019-04-26 10:33:07,198] [logger.py:103] [logger:__console] [INFO]- æ­£åœ¨è¿›å…¥è¢«æµ‹å°ç¨‹åº...[0m
[32m[2019-04-26 10:33:13,047] [logger.py:103] [logger:__console] [INFO]- è¿›è¡Œè´­ä¹°æ ¸å¿ƒè¯¾æ“ä½œ...[0m
[32m[2019-04-26 10:33:19,770] [logger.py:103] [logger:__console] [INFO]- æ”¯ä»˜é‡‘é¢æ˜¯ï¼š0.01[0m
[32m[2019-04-26 10:33:33,687] [logger.py:103] [logger:__console] [INFO]- æ”¯ä»˜å®Œæˆï¼Œè¿›è¡Œé¢†å–æ ¸å¿ƒè¯¾æ“ä½œ...[0m
[32m[2019-04-26 10:33:46,532] [logger.py:103] [logger:__console] [INFO]- <page.page_zaojiao.Zaojiaopage object at 0x036373F0>é¡µé¢ä¸­æœªèƒ½æ‰¾åˆ°å…ƒç´ ('xpath', '//*[contains(@text, "æ”¶ä»¶äººï¼š")]')[0m
[32m[2019-04-26 10:33:46,533] [logger.py:103] [logger:__console] [INFO]- åœ°å€ä¿¡æ¯ä¸å­˜åœ¨ï¼Œè¿›è¡Œæ·»åŠ åœ°å€ä¿¡æ¯æ“ä½œ...[0m
[32m[2019-04-26 10:34:53,369] [logger.py:103] [logger:__console] [INFO]- æ·»åŠ æ”¶è´§åœ°å€å®Œæˆï¼[0m
[32m[2019-04-26 10:34:55,160] [logger.py:103] [logger:__console] [INFO]- é¢†å–è¯¾ç¨‹æˆåŠŸï¼[0m
[32m[2019-04-26 10:35:07,777] [logger.py:103] [logger:__console] [INFO]- æŸ¥çœ‹å†å²æ¨é€æˆåŠŸï¼[0m
[32m[2019-04-26 10:39:18,285] [logger.py:103] [logger:__console] [INFO]- æ­£åœ¨è¿›å…¥è¢«æµ‹å°ç¨‹åº...[0m
[32m[2019-04-26 10:39:23,592] [logger.py:103] [logger:__console] [INFO]- è¿›è¡Œè´­ä¹°æ ¸å¿ƒè¯¾æ“ä½œ...[0m
[32m[2019-04-26 10:39:29,852] [logger.py:103] [logger:__console] [INFO]- æ”¯ä»˜é‡‘é¢æ˜¯ï¼š0.01[0m
[32m[2019-04-26 10:39:41,476] [logger.py:103] [logger:__console] [INFO]- æ”¯ä»˜å®Œæˆï¼Œè¿›è¡Œé¢†å–æ ¸å¿ƒè¯¾æ“ä½œ...[0m
[32m[2019-04-26 10:39:55,719] [logger.py:103] [logger:__console] [INFO]- <page.page_zaojiao.Zaojiaopage object at 0x03750090>é¡µé¢ä¸­æœªèƒ½æ‰¾åˆ°å…ƒç´ ('xpath', '//*[contains(@text, "æ”¶ä»¶äººï¼š")]')[0m
[32m[2019-04-26 10:39:55,720] [logger.py:103] [logger:__console] [INFO]- åœ°å€ä¿¡æ¯ä¸å­˜åœ¨ï¼Œè¿›è¡Œæ·»åŠ åœ°å€ä¿¡æ¯æ“ä½œ...[0m
[32m[2019-04-26 10:41:01,359] [logger.py:103] [logger:__console] [INFO]- æ·»åŠ æ”¶è´§åœ°å€å®Œæˆï¼[0m
[32m[2019-04-26 10:41:03,341] [logger.py:103] [logger:__console] [INFO]- é¢†å–è¯¾ç¨‹æˆåŠŸï¼[0m
[32m[2019-04-26 10:41:15,795] [logger.py:103] [logger:__console] [INFO]- æŸ¥çœ‹å†å²æ¨é€æˆåŠŸï¼[0m
[32m[2019-04-26 10:41:15,925] [logger.py:103] [logger:__console] [INFO]- è¿”å›é¦–é¡µæˆåŠŸï¼[0m
[32m[2019-04-26 10:43:16,192] [logger.py:103] [logger:__console] [INFO]- æ­£åœ¨è¿›å…¥è¢«æµ‹å°ç¨‹åº...[0m
[32m[2019-04-26 10:43:22,039] [logger.py:103] [logger:__console] [INFO]- è¿›è¡Œè´­ä¹°æ ¸å¿ƒè¯¾æ“ä½œ...[0m
[32m[2019-04-26 10:43:28,021] [logger.py:103] [logger:__console] [INFO]- æ”¯ä»˜é‡‘é¢æ˜¯ï¼š0.01 å…ƒ[0m
[32m[2019-04-26 10:43:41,401] [logger.py:103] [logger:__console] [INFO]- æ”¯ä»˜å®Œæˆï¼Œè¿›è¡Œé¢†å–æ ¸å¿ƒè¯¾æ“ä½œ...[0m
[32m[2019-04-26 10:43:53,308] [logger.py:103] [logger:__console] [INFO]- <page.page_zaojiao.Zaojiaopage object at 0x04256310>é¡µé¢ä¸­æœªèƒ½æ‰¾åˆ°å…ƒç´ ('xpath', '//*[contains(@text, "æ”¶ä»¶äººï¼š")]')[0m
[32m[2019-04-26 10:43:53,311] [logger.py:103] [logger:__console] [INFO]- åœ°å€ä¿¡æ¯ä¸å­˜åœ¨ï¼Œè¿›è¡Œæ·»åŠ åœ°å€ä¿¡æ¯æ“ä½œ...[0m
[32m[2019-04-26 10:44:58,602] [logger.py:103] [logger:__console] [INFO]- æ·»åŠ æ”¶è´§åœ°å€å®Œæˆï¼[0m
[32m[2019-04-26 10:44:59,884] [logger.py:103] [logger:__console] [INFO]- é¢†å–è¯¾ç¨‹æˆåŠŸï¼[0m
[32m[2019-04-26 10:45:10,700] [logger.py:103] [logger:__console] [INFO]- <page.page_zaojiao.Zaojiaopage object at 0x04256310>é¡µé¢ä¸­æœªèƒ½æ‰¾åˆ°å…ƒç´ ('xpath', '//*[contains(@text, "çŸ¥é“äº†")]')[0m
[32m[2019-04-26 10:45:26,836] [logger.py:103] [logger:__console] [INFO]- <page.page_zaojiao.Zaojiaopage object at 0x04256310>é¡µé¢ä¸­æœªèƒ½æ‰¾åˆ°å…ƒç´ ('xpath', '//*[contains(@text, "æŸ¥çœ‹å…¨éƒ¨è¯¾ç¨‹")]')[0m
[32m[2019-04-26 10:51:03,118] [logger.py:103] [logger:__console] [INFO]- æ­£åœ¨è¿›å…¥è¢«æµ‹å°ç¨‹åº...[0m
[32m[2019-04-26 10:51:09,113] [logger.py:103] [logger:__console] [INFO]- è¿›è¡Œè´­ä¹°æ ¸å¿ƒè¯¾æ“ä½œ...[0m
[32m[2019-04-26 10:51:15,383] [logger.py:103] [logger:__console] [INFO]- æ”¯ä»˜é‡‘é¢æ˜¯ï¼š0.01 å…ƒ[0m
[32m[2019-04-26 10:51:28,329] [logger.py:103] [logger:__console] [INFO]- æ”¯ä»˜å®Œæˆï¼Œè¿›è¡Œé¢†å–æ ¸å¿ƒè¯¾æ“ä½œ...[0m
[32m[2019-04-26 10:51:40,670] [logger.py:103] [logger:__console] [INFO]- <page.page_zaojiao.Zaojiaopage object at 0x03AA6310>é¡µé¢ä¸­æœªèƒ½æ‰¾åˆ°å…ƒç´ ('xpath', '//*[contains(@text, "æ”¶ä»¶äººï¼š")]')[0m
[32m[2019-04-26 10:51:40,673] [logger.py:103] [logger:__console] [INFO]- åœ°å€ä¿¡æ¯ä¸å­˜åœ¨ï¼Œè¿›è¡Œæ·»åŠ åœ°å€ä¿¡æ¯æ“ä½œ...[0m
[32m[2019-04-26 10:52:37,244] [logger.py:103] [logger:__console] [INFO]- æ·»åŠ æ”¶è´§åœ°å€å®Œæˆï¼[0m
[32m[2019-04-26 10:52:39,320] [logger.py:103] [logger:__console] [INFO]- é¢†å–è¯¾ç¨‹æˆåŠŸï¼[0m
[32m[2019-04-26 10:52:51,550] [logger.py:103] [logger:__console] [INFO]- æŸ¥çœ‹å†å²æ¨é€æˆåŠŸï¼[0m
[32m[2019-04-26 10:52:58,402] [logger.py:103] [logger:__console] [INFO]- è¿›å…¥ä¸ªäººä¸­å¿ƒæˆåŠŸï¼Œå¼€å§‹è¿›è¡Œæ–°å»ºå®å®æ“ä½œ...[0m
[32m[2019-04-26 11:01:23,641] [logger.py:103] [logger:__console] [INFO]- æ­£åœ¨è¿›å…¥è¢«æµ‹å°ç¨‹åº...[0m
[32m[2019-04-26 11:01:29,612] [logger.py:103] [logger:__console] [INFO]- è¿›è¡Œè´­ä¹°æ ¸å¿ƒè¯¾æ“ä½œ...[0m
[32m[2019-04-26 11:01:36,886] [logger.py:103] [logger:__console] [INFO]- æ”¯ä»˜é‡‘é¢æ˜¯ï¼š0.01 å…ƒ[0m
[32m[2019-04-26 11:01:50,894] [logger.py:103] [logger:__console] [INFO]- æ”¯ä»˜å®Œæˆï¼Œè¿›è¡Œé¢†å–æ ¸å¿ƒè¯¾æ“ä½œ...[0m
[32m[2019-04-26 11:02:03,400] [logger.py:103] [logger:__console] [INFO]- <page.page_zaojiao.Zaojiaopage object at 0x035E6310>é¡µé¢ä¸­æœªèƒ½æ‰¾åˆ°å…ƒç´ ('xpath', '//*[contains(@text, "æ”¶ä»¶äººï¼š")]')[0m
[32m[2019-04-26 11:02:03,404] [logger.py:103] [logger:__console] [INFO]- åœ°å€ä¿¡æ¯ä¸å­˜åœ¨ï¼Œè¿›è¡Œæ·»åŠ åœ°å€ä¿¡æ¯æ“ä½œ...[0m
[32m[2019-04-26 11:03:08,880] [logger.py:103] [logger:__console] [INFO]- æ·»åŠ æ”¶è´§åœ°å€å®Œæˆï¼[0m
[32m[2019-04-26 11:03:10,739] [logger.py:103] [logger:__console] [INFO]- é¢†å–è¯¾ç¨‹æˆåŠŸï¼[0m
[32m[2019-04-26 11:03:22,819] [logger.py:103] [logger:__console] [INFO]- æŸ¥çœ‹å†å²æ¨é€æˆåŠŸï¼[0m
[32m[2019-04-26 11:03:29,678] [logger.py:103] [logger:__console] [INFO]- è¿›å…¥ä¸ªäººä¸­å¿ƒæˆåŠŸï¼Œå¼€å§‹è¿›è¡Œæ–°å»ºå®å®æ“ä½œ...[0m
[32m[2019-04-26 11:06:23,103] [logger.py:103] [logger:__console] [INFO]- æ­£åœ¨è¿›å…¥è¢«æµ‹å°ç¨‹åº...[0m
[32m[2019-04-26 11:06:29,113] [logger.py:103] [logger:__console] [INFO]- è¿›è¡Œè´­ä¹°æ ¸å¿ƒè¯¾æ“ä½œ...[0m
[32m[2019-04-26 11:06:35,437] [logger.py:103] [logger:__console] [INFO]- æ”¯ä»˜é‡‘é¢æ˜¯ï¼š0.01 å…ƒ[0m
[32m[2019-04-26 11:06:47,748] [logger.py:103] [logger:__console] [INFO]- æ”¯ä»˜å®Œæˆï¼Œè¿›è¡Œé¢†å–æ ¸å¿ƒè¯¾æ“ä½œ...[0m
[32m[2019-04-26 11:07:00,247] [logger.py:103] [logger:__console] [INFO]- <page.page_zaojiao.Zaojiaopage object at 0x035E6310>é¡µé¢ä¸­æœªèƒ½æ‰¾åˆ°å…ƒç´ ('xpath', '//*[contains(@text, "æ”¶ä»¶äººï¼š")]')[0m
[32m[2019-04-26 11:07:00,250] [logger.py:103] [logger:__console] [INFO]- åœ°å€ä¿¡æ¯ä¸å­˜åœ¨ï¼Œè¿›è¡Œæ·»åŠ åœ°å€ä¿¡æ¯æ“ä½œ...[0m
[32m[2019-04-26 11:07:55,620] [logger.py:103] [logger:__console] [INFO]- æ·»åŠ æ”¶è´§åœ°å€å®Œæˆï¼[0m
[32m[2019-04-26 11:07:57,409] [logger.py:103] [logger:__console] [INFO]- é¢†å–è¯¾ç¨‹æˆåŠŸï¼[0m
[32m[2019-04-26 11:08:09,870] [logger.py:103] [logger:__console] [INFO]- æŸ¥çœ‹å†å²æ¨é€æˆåŠŸï¼[0m
[32m[2019-04-26 11:08:16,862] [logger.py:103] [logger:__console] [INFO]- è¿›å…¥ä¸ªäººä¸­å¿ƒæˆåŠŸï¼Œå¼€å§‹è¿›è¡Œæ–°å»ºå®å®æ“ä½œ...[0m
[31m[2019-04-26 11:08:41,696] [logger.py:109] [logger:__console] [ERROR]- åˆ›å»ºå®å®å¤±è´¥ï¼Œè¯·æ£€æŸ¥åŸå› ï¼[0m
[32m[2019-04-26 11:10:06,923] [logger.py:103] [logger:__console] [INFO]- <page.page_zaojiao.Zaojiaopage object at 0x038D63B0>é¡µé¢ä¸­æœªèƒ½æ‰¾åˆ°å…ƒç´ ('xpath', '//*[@resource-id="com.tencent.mm:id/cs" and @text="æˆ‘çš„"]')[0m
[32m[2019-04-26 11:10:39,446] [logger.py:103] [logger:__console] [INFO]- æ­£åœ¨è¿›å…¥è¢«æµ‹å°ç¨‹åº...[0m
[32m[2019-04-26 11:10:45,522] [logger.py:103] [logger:__console] [INFO]- è¿›å…¥ä¸ªäººä¸­å¿ƒæˆåŠŸï¼Œå¼€å§‹è¿›è¡Œæ–°å»ºå®å®æ“ä½œ...[0m
[32m[2019-04-26 11:10:55,997] [logger.py:103] [logger:__console] [INFO]- <page.page_zaojiao.Zaojiaopage object at 0x04307430>é¡µé¢ä¸­æœªèƒ½æ‰¾åˆ°å…ƒç´ ('xpath', '//*[contains(@text, "æ–°å»ºå®å®")]')[0m
[32m[2019-04-26 11:11:17,681] [logger.py:103] [logger:__console] [INFO]- æ­£åœ¨è¿›å…¥è¢«æµ‹å°ç¨‹åº...[0m
[32m[2019-04-26 11:11:23,911] [logger.py:103] [logger:__console] [INFO]- è¿›å…¥ä¸ªäººä¸­å¿ƒæˆåŠŸï¼Œå¼€å§‹è¿›è¡Œæ–°å»ºå®å®æ“ä½œ...[0m
[31m[2019-04-26 11:11:48,126] [logger.py:109] [logger:__console] [ERROR]- åˆ›å»ºå®å®å¤±è´¥ï¼Œè¯·æ£€æŸ¥åŸå› ï¼[0m
[32m[2019-04-26 11:12:15,429] [logger.py:103] [logger:__console] [INFO]- æ­£åœ¨è¿›å…¥è¢«æµ‹å°ç¨‹åº...[0m
[32m[2019-04-26 11:12:28,958] [logger.py:103] [logger:__console] [INFO]- è¿›å…¥ä¸ªäººä¸­å¿ƒæˆåŠŸï¼Œå¼€å§‹è¿›è¡Œæ–°å»ºå®å®æ“ä½œ...[0m
[31m[2019-04-26 11:13:03,041] [logger.py:109] [logger:__console] [ERROR]- åˆ›å»ºå®å®å¤±è´¥ï¼Œè¯·æ£€æŸ¥åŸå› ï¼[0m
[32m[2019-04-26 11:13:33,112] [logger.py:103] [logger:__console] [INFO]- æ­£åœ¨è¿›å…¥è¢«æµ‹å°ç¨‹åº...[0m
[32m[2019-04-26 11:13:39,275] [logger.py:103] [logger:__console] [INFO]- è¿›å…¥ä¸ªäººä¸­å¿ƒæˆåŠŸï¼Œå¼€å§‹è¿›è¡Œæ–°å»ºå®å®æ“ä½œ...[0m
[32m[2019-04-26 11:14:09,398] [logger.py:103] [logger:__console] [INFO]- <page.page_zaojiao.Zaojiaopage object at 0x04D83E70>é¡µé¢ä¸­æœªèƒ½æ‰¾åˆ°å…ƒç´ ('xpath', '//*[contains(@text, "è¯·è¾“å…¥å®å®å§“å")]')[0m
[32m[2019-04-26 11:14:33,134] [logger.py:103] [logger:__console] [INFO]- æ­£åœ¨è¿›å…¥è¢«æµ‹å°ç¨‹åº...[0m
[32m[2019-04-26 11:14:39,152] [logger.py:103] [logger:__console] [INFO]- è¿›å…¥ä¸ªäººä¸­å¿ƒæˆåŠŸï¼Œå¼€å§‹è¿›è¡Œæ–°å»ºå®å®æ“ä½œ...[0m
[31m[2019-04-26 11:15:01,816] [logger.py:109] [logger:__console] [ERROR]- åˆ›å»ºå®å®å¤±è´¥ï¼Œè¯·æ£€æŸ¥åŸå› ï¼[0m
[32m[2019-04-26 11:21:16,263] [logger.py:103] [logger:__console] [INFO]- æ­£åœ¨è¿›å…¥è¢«æµ‹å°ç¨‹åº...[0m
[32m[2019-04-26 11:21:22,246] [logger.py:103] [logger:__console] [INFO]- è¿›å…¥ä¸ªäººä¸­å¿ƒæˆåŠŸï¼Œå¼€å§‹è¿›è¡Œæ–°å»ºå®å®æ“ä½œ...[0m
[31m[2019-04-26 11:21:53,728] [logger.py:109] [logger:__console] [ERROR]- åˆ›å»ºå®å®å¤±è´¥ï¼Œè¯·æ£€æŸ¥åŸå› ï¼[0m
[32m[2019-04-26 11:22:31,414] [logger.py:103] [logger:__console] [INFO]- æ­£åœ¨è¿›å…¥è¢«æµ‹å°ç¨‹åº...[0m
[32m[2019-04-26 11:22:37,376] [logger.py:103] [logger:__console] [INFO]- è¿›å…¥ä¸ªäººä¸­å¿ƒæˆåŠŸï¼Œå¼€å§‹è¿›è¡Œæ–°å»ºå®å®æ“ä½œ...[0m
[31m[2019-04-26 11:23:03,329] [logger.py:109] [logger:__console] [ERROR]- åˆ›å»ºå®å®å¤±è´¥ï¼Œè¯·æ£€æŸ¥åŸå› ï¼[0m
[32m[2019-04-26 11:25:13,695] [logger.py:103] [logger:__console] [INFO]- æ­£åœ¨è¿›å…¥è¢«æµ‹å°ç¨‹åº...[0m
[32m[2019-04-26 11:25:19,710] [logger.py:103] [logger:__console] [INFO]- è¿›å…¥ä¸ªäººä¸­å¿ƒæˆåŠŸï¼Œå¼€å§‹è¿›è¡Œæ–°å»ºå®å®æ“ä½œ...[0m
[31m[2019-04-26 11:25:46,019] [logger.py:109] [logger:__console] [ERROR]- åˆ›å»ºå®å®å¤±è´¥ï¼Œè¯·æ£€æŸ¥åŸå› ï¼[0m
[32m[2019-04-26 11:29:46,079] [logger.py:103] [logger:__console] [INFO]- æ­£åœ¨è¿›å…¥è¢«æµ‹å°ç¨‹åº...[0m
[32m[2019-04-26 11:29:52,351] [logger.py:103] [logger:__console] [INFO]- è¿›å…¥ä¸ªäººä¸­å¿ƒæˆåŠŸï¼Œå¼€å§‹è¿›è¡Œæ–°å»ºå®å®æ“ä½œ...[0m
[31m[2019-04-26 11:30:20,736] [logger.py:109] [logger:__console] [ERROR]- åˆ›å»ºå®å®å¤±è´¥ï¼Œè¯·æ£€æŸ¥åŸå› ï¼[0m
[32m[2019-04-26 11:31:03,552] [logger.py:103] [logger:__console] [INFO]- æ­£åœ¨è¿›å…¥è¢«æµ‹å°ç¨‹åº...[0m
[32m[2019-04-26 11:31:09,193] [logger.py:103] [logger:__console] [INFO]- è¿›å…¥ä¸ªäººä¸­å¿ƒæˆåŠŸï¼Œå¼€å§‹è¿›è¡Œæ–°å»ºå®å®æ“ä½œ...[0m
[32m[2019-04-26 11:31:45,363] [logger.py:103] [logger:__console] [INFO]- <page.page_zaojiao.Zaojiaopage object at 0x04117750>é¡µé¢ä¸­æœªèƒ½æ‰¾åˆ°å…ƒç´ ('xpath', '//*[contains(@text, "æ–°å»ºå®å®")]')[0m
[32m[2019-04-26 11:31:45,364] [logger.py:103] [logger:__console] [INFO]- åˆ›å»ºå®å®æˆåŠŸ.[0m
[32m[2019-04-26 11:37:06,951] [logger.py:103] [logger:__console] [INFO]- æ­£åœ¨è¿›å…¥è¢«æµ‹å°ç¨‹åº...[0m
[32m[2019-04-26 11:37:13,211] [logger.py:103] [logger:__console] [INFO]- è¿›è¡Œè´­ä¹°æ ¸å¿ƒè¯¾æ“ä½œ...[0m
[32m[2019-04-26 11:37:19,452] [logger.py:103] [logger:__console] [INFO]- æ”¯ä»˜é‡‘é¢æ˜¯ï¼š0.01 å…ƒ[0m
[32m[2019-04-26 11:37:33,556] [logger.py:103] [logger:__console] [INFO]- æ”¯ä»˜å®Œæˆï¼Œè¿›è¡Œé¢†å–æ ¸å¿ƒè¯¾æ“ä½œ...[0m
[32m[2019-04-26 11:37:37,598] [logger.py:103] [logger:__console] [INFO]- åœ°å€ä¿¡æ¯å·²å­˜åœ¨ï¼Œé»˜è®¤é€‰æ‹©ç¬¬ä¸€ä¸ªåœ°å€ä¿¡æ¯.[0m
[32m[2019-04-26 11:37:39,254] [logger.py:103] [logger:__console] [INFO]- é¢†å–è¯¾ç¨‹æˆåŠŸï¼[0m
[32m[2019-04-26 11:37:51,239] [logger.py:103] [logger:__console] [INFO]- æŸ¥çœ‹å†å²æ¨é€æˆåŠŸï¼[0m
[32m[2019-04-26 11:37:58,248] [logger.py:103] [logger:__console] [INFO]- è¿›å…¥ä¸ªäººä¸­å¿ƒæˆåŠŸï¼Œå¼€å§‹è¿›è¡Œæ–°å»ºå®å®æ“ä½œ...[0m
[32m[2019-04-26 11:38:35,499] [logger.py:103] [logger:__console] [INFO]- <page.page_zaojiao.Zaojiaopage object at 0x0403AB10>é¡µé¢ä¸­æœªèƒ½æ‰¾åˆ°å…ƒç´ ('xpath', '//*[contains(@text, "æ–°å»ºå®å®")]')[0m
[32m[2019-04-26 11:38:35,502] [logger.py:103] [logger:__console] [INFO]- åˆ›å»ºå®å®æˆåŠŸ.[0m
[32m[2019-04-26 13:43:55,463] [logger.py:103] [logger:__console] [INFO]- <page.page_public.Pulicpage object at 0x03602FD0>é¡µé¢ä¸­æœªèƒ½æ‰¾åˆ°å…ƒç´ ('xpath', '//*[@class="android.widget.RelativeLayout" and @index="1" and @NAF="true"]')[0m
[32m[2019-04-26 13:45:48,633] [logger.py:103] [logger:__console] [INFO]- <page.page_public.Pulicpage object at 0x035F2FD0>é¡µé¢ä¸­æœªèƒ½æ‰¾åˆ°å…ƒç´ ('xpath', '//*[@resource-id="com.tencent.mm:id/jf"]/android.widget.RelativeLayout[0]')[0m
[32m[2019-04-26 13:46:14,531] [logger.py:103] [logger:__console] [INFO]- <page.page_public.Pulicpage object at 0x035F2FD0>é¡µé¢ä¸­æœªèƒ½æ‰¾åˆ°å…ƒç´ ('xpath', '//*[@resource-id="com.tencent.mm:id/jf"]/android.widget.RelativeLayout[1]')[0m
[32m[2019-04-26 13:48:11,237] [logger.py:103] [logger:__console] [INFO]- <page.page_public.Pulicpage object at 0x03C91330>é¡µé¢ä¸­æœªèƒ½æ‰¾åˆ°å…ƒç´ ('xpath', '//*[@resource-id="com.tencent.mm:id/jf"]/android.widget.RelativeLayout[1]')[0m
[32m[2019-04-26 14:00:52,237] [logger.py:103] [logger:__console] [INFO]- <page.page_public.Pulicpage object at 0x04313FF0>é¡µé¢ä¸­æœªèƒ½æ‰¾åˆ°å…ƒç´ ('xpath', '//*[@resource-id="com.tencent.mm:id/jf"]/following-sibling::*[1]')[0m
[32m[2019-04-26 14:02:02,025] [logger.py:103] [logger:__console] [INFO]- <page.page_public.Pulicpage object at 0x045A3F90>é¡µé¢ä¸­æœªèƒ½æ‰¾åˆ°å…ƒç´ ('xpath', '//*[@resource-id="com.tencent.mm:id/jf"]/following-sibling::*[0]')[0m
[32m[2019-04-26 14:03:19,485] [logger.py:103] [logger:__console] [INFO]- <page.page_public.Pulicpage object at 0x04173F70>é¡µé¢ä¸­æœªèƒ½æ‰¾åˆ°å…ƒç´ ('xpath', '//*[@resource-id="com.tencent.mm:id/kl"]/following-sibling::*[0]')[0m
[32m[2019-04-26 14:04:36,015] [logger.py:103] [logger:__console] [INFO]- <page.page_public.Pulicpage object at 0x038B2FD0>é¡µé¢ä¸­æœªèƒ½æ‰¾åˆ°å…ƒç´ ('xpath', '//*[@resource-id="com.tencent.mm:id/jf"]/android.widget.RelativeLayout[0]')[0m
[32m[2019-04-26 14:18:46,385] [logger.py:103] [logger:__console] [INFO]- <page.page_public.Pulicpage object at 0x03742DD0>é¡µé¢ä¸­æœªèƒ½æ‰¾åˆ°å…ƒç´ ('xpath', '//*[@resource-id="com.tencent.mm:id/jf"]/android.widget.RelativeLayout[0]')[0m
[32m[2019-04-26 14:20:12,623] [logger.py:103] [logger:__console] [INFO]- <page.page_public.Pulicpage object at 0x044F2FD0>é¡µé¢ä¸­æœªèƒ½æ‰¾åˆ°å…ƒç´ ('xpath', '//android.view.ViewGroup/android.widget.RelativeLayout[0]')[0m
[32m[2019-04-26 15:54:24,749] [logger.py:103] [logger:__console] [INFO]- <page.page_public.Pulicpage object at 0x03BBFC70>é¡µé¢ä¸­æœªèƒ½æ‰¾åˆ°å…ƒç´ ('id', 'android:id/text1')[0m
[32m[2019-04-26 15:55:41,782] [logger.py:103] [logger:__console] [INFO]- æ‰«ç è¯†åˆ«æˆåŠŸï¼[0m
[32m[2019-04-26 15:55:52,314] [logger.py:103] [logger:__console] [INFO]- è¿”å›å°å°åŒ…æ—©æ•™å…¬ä¼—å·æˆåŠŸï¼[0m
[32m[2019-04-26 15:58:56,215] [logger.py:103] [logger:__console] [INFO]- æ‰«ç è¯†åˆ«æˆåŠŸï¼[0m
[32m[2019-04-26 15:58:59,772] [logger.py:103] [logger:__console] [INFO]- è¿”å›å°å°åŒ…æ—©æ•™å…¬ä¼—å·æˆåŠŸï¼[0m
[32m[2019-04-26 17:02:54,937] [logger.py:103] [logger:__console] [INFO]- <page.page_public.Pulicpage object at 0x035DFD30>é¡µé¢ä¸­æœªèƒ½æ‰¾åˆ°å…ƒç´ ('xpath', '//*[@resource-id="com.tencent.mm:id/jf" and @index="5"]/android.widget.RelativeLayout[0]')[0m
[32m[2019-04-26 17:03:29,026] [logger.py:103] [logger:__console] [INFO]- <page.page_public.Pulicpage object at 0x03C3FD10>é¡µé¢ä¸­æœªèƒ½æ‰¾åˆ°å…ƒç´ ('xpath', '//*[@resource-id="com.tencent.mm:id/jf" and @index=5]/android.widget.RelativeLayout[0]')[0m
[32m[2019-04-26 17:04:48,009] [logger.py:103] [logger:__console] [INFO]- <page.page_public.Pulicpage object at 0x039CFD70>é¡µé¢ä¸­æœªèƒ½æ‰¾åˆ°å…ƒç´ ('xpath', '//android.widget.LinearLayout/android.view.ViewGroup[5]/android.widget.RelativeLayout[0]')[0m
[32m[2019-04-26 17:05:30,901] [logger.py:103] [logger:__console] [INFO]- <page.page_public.Pulicpage object at 0x0388FD50>é¡µé¢ä¸­æœªèƒ½æ‰¾åˆ°å…ƒç´ ('xpath', '//android.widget.FrameLayout/android.widget.LinearLayout/android.view.ViewGroup[5]/android.widget.RelativeLayout[0]')[0m
[32m[2019-04-26 17:29:42,787] [logger.py:103] [logger:__console] [INFO]- æ­£åœ¨è¿›å…¥è¢«æµ‹å°ç¨‹åº...[0m
[32m[2019-04-26 17:29:48,003] [logger.py:103] [logger:__console] [INFO]- è¿›è¡Œè´­ä¹°æ ¸å¿ƒè¯¾æ“ä½œ...[0m
[32m[2019-04-26 17:29:54,597] [logger.py:103] [logger:__console] [INFO]- æ”¯ä»˜é‡‘é¢æ˜¯ï¼š0.01 å…ƒ[0m
[32m[2019-04-26 17:30:07,151] [logger.py:103] [logger:__console] [INFO]- æ”¯ä»˜å®Œæˆï¼Œè¿›è¡Œé¢†å–æ ¸å¿ƒè¯¾æ“ä½œ...[0m
[32m[2019-04-26 17:30:19,992] [logger.py:103] [logger:__console] [INFO]- <page.page_zaojiao.Zaojiaopage object at 0x0426AF50>é¡µé¢ä¸­æœªèƒ½æ‰¾åˆ°å…ƒç´ ('xpath', '//*[contains(@text, "æ”¶ä»¶äººï¼š")]')[0m
[32m[2019-04-26 17:30:19,994] [logger.py:103] [logger:__console] [INFO]- åœ°å€ä¿¡æ¯ä¸å­˜åœ¨ï¼Œè¿›è¡Œæ·»åŠ åœ°å€ä¿¡æ¯æ“ä½œ...[0m
[32m[2019-04-26 17:31:16,975] [logger.py:103] [logger:__console] [INFO]- æ·»åŠ æ”¶è´§åœ°å€å®Œæˆï¼[0m
[32m[2019-04-26 17:31:19,723] [logger.py:103] [logger:__console] [INFO]- é¢†å–è¯¾ç¨‹æˆåŠŸï¼[0m
[32m[2019-04-26 17:31:30,674] [logger.py:103] [logger:__console] [INFO]- <page.page_zaojiao.Zaojiaopage object at 0x0426AF50>é¡µé¢ä¸­æœªèƒ½æ‰¾åˆ°å…ƒç´ ('xpath', '//*[contains(@text, "çŸ¥é“äº†")]')[0m
[32m[2019-04-26 17:31:41,548] [logger.py:103] [logger:__console] [INFO]- æŸ¥çœ‹å†å²æ¨é€æˆåŠŸï¼[0m
[32m[2019-04-26 17:31:48,340] [logger.py:103] [logger:__console] [INFO]- è¿›å…¥ä¸ªäººä¸­å¿ƒæˆåŠŸï¼Œå¼€å§‹è¿›è¡Œæ–°å»ºå®å®æ“ä½œ...[0m
[32m[2019-04-26 17:32:25,320] [logger.py:103] [logger:__console] [INFO]- <page.page_zaojiao.Zaojiaopage object at 0x0426AF50>é¡µé¢ä¸­æœªèƒ½æ‰¾åˆ°å…ƒç´ ('xpath', '//*[contains(@text, "ç¡®å®š")]')[0m
